<?xml version="1.0" encoding="UTF-8"?>
<!-- Generated by org.testng.reporters.JUnitXMLReporter -->
<testsuite hostname="INBLRWIT238540" ignored="12" name="Test" tests="256" failures="32" timestamp="06 Mar 2020 14:07:21 GMT" time="141.633" errors="0">
  <testcase name="GETMaterialRequestBuildLocation" time="0.776" classname="com.volvo.gloria.CreateMaterialRequest.CreateNewMaterialRequestTest"/>
  <testcase name="GETMaterialRequestCompanyCodes" time="0.447" classname="com.volvo.gloria.CreateMaterialRequest.CreateNewMaterialRequestTest"/>
  <testcase name="GETMaterialRequestGLAccounts" time="0.754" classname="com.volvo.gloria.CreateMaterialRequest.CreateNewMaterialRequestTest"/>
  <testcase name="GETMaterialRequestGLAccounts" time="0.729" classname="com.volvo.gloria.CreateMaterialRequest.CreateNewMaterialRequestTest"/>
  <testcase name="GETMaterialRequestGLAccounts" time="0.758" classname="com.volvo.gloria.CreateMaterialRequest.CreateNewMaterialRequestTest"/>
  <testcase name="GETMaterialRequestGLAccounts" time="0.818" classname="com.volvo.gloria.CreateMaterialRequest.CreateNewMaterialRequestTest"/>
  <testcase name="GETMaterialRequestGLAccounts" time="0.94" classname="com.volvo.gloria.CreateMaterialRequest.CreateNewMaterialRequestTest"/>
  <testcase name="GETMaterialRequestGLAccounts" time="0.733" classname="com.volvo.gloria.CreateMaterialRequest.CreateNewMaterialRequestTest"/>
  <testcase name="GETMaterialRequestGLAccounts" time="0.779" classname="com.volvo.gloria.CreateMaterialRequest.CreateNewMaterialRequestTest"/>
  <testcase name="GETMaterialRequestGLAccounts" time="0.814" classname="com.volvo.gloria.CreateMaterialRequest.CreateNewMaterialRequestTest"/>
  <testcase name="GETMaterialRequestGLAccounts" time="0.735" classname="com.volvo.gloria.CreateMaterialRequest.CreateNewMaterialRequestTest"/>
  <testcase name="GETMaterialRequestGLAccounts" time="0.737" classname="com.volvo.gloria.CreateMaterialRequest.CreateNewMaterialRequestTest"/>
  <testcase name="GETMaterialRequestValidMC" time="0.69" classname="com.volvo.gloria.CreateMaterialRequest.CreateNewMaterialRequestTest"/>
  <testcase name="GETMaterialRequestWBS" time="0.597" classname="com.volvo.gloria.CreateMaterialRequest.CreateNewMaterialRequestTest"/>
  <testcase name="GETMaterialRequestprocureteammembers" time="7.413" classname="com.volvo.gloria.CreateMaterialRequest.CreateNewMaterialRequestTest"/>
  <testcase name="GETMaterialRequestusers" time="1.116" classname="com.volvo.gloria.CreateMaterialRequest.CreateNewMaterialRequestTest"/>
  <testcase name="POSTMaterialRequestAddHeader" time="0.643" classname="com.volvo.gloria.CreateMaterialRequest.CreateNewMaterialRequestTest"/>
  <testcase name="GETMaterialRequestCostCenter" time="0.529" classname="com.volvo.gloria.CreateMaterialRequest.CreateNewMaterialRequestTest"/>
  <testcase name="GETMaterialRequestCostCenter" time="0.375" classname="com.volvo.gloria.CreateMaterialRequest.CreateNewMaterialRequestTest"/>
  <testcase name="GETMaterialRequestCostCenter" time="0.389" classname="com.volvo.gloria.CreateMaterialRequest.CreateNewMaterialRequestTest"/>
  <testcase name="GETMaterialRequestCostCenter" time="0.402" classname="com.volvo.gloria.CreateMaterialRequest.CreateNewMaterialRequestTest"/>
  <testcase name="GETMaterialRequestCostCenter" time="0.394" classname="com.volvo.gloria.CreateMaterialRequest.CreateNewMaterialRequestTest"/>
  <testcase name="GETMaterialRequestCostCenter" time="0.365" classname="com.volvo.gloria.CreateMaterialRequest.CreateNewMaterialRequestTest"/>
  <testcase name="GETMaterialRequestCostCenter" time="0.369" classname="com.volvo.gloria.CreateMaterialRequest.CreateNewMaterialRequestTest"/>
  <testcase name="GETMaterialRequestCostCenter" time="0.372" classname="com.volvo.gloria.CreateMaterialRequest.CreateNewMaterialRequestTest"/>
  <testcase name="GETMaterialRequestCostCenter" time="0.363" classname="com.volvo.gloria.CreateMaterialRequest.CreateNewMaterialRequestTest"/>
  <testcase name="GETMaterialRequestCostCenter" time="0.382" classname="com.volvo.gloria.CreateMaterialRequest.CreateNewMaterialRequestTest"/>
  <testcase name="GETMaterialRequestProjects" time="0.927" classname="com.volvo.gloria.CreateMaterialRequest.CreateNewMaterialRequestTest"/>
  <testcase name="GETMaterialRequestProjects" time="0.737" classname="com.volvo.gloria.CreateMaterialRequest.CreateNewMaterialRequestTest"/>
  <testcase name="GETMaterialRequestProjects" time="0.72" classname="com.volvo.gloria.CreateMaterialRequest.CreateNewMaterialRequestTest"/>
  <testcase name="GETMaterialRequestProjects" time="0.719" classname="com.volvo.gloria.CreateMaterialRequest.CreateNewMaterialRequestTest"/>
  <testcase name="GETMaterialRequestProjects" time="0.776" classname="com.volvo.gloria.CreateMaterialRequest.CreateNewMaterialRequestTest"/>
  <testcase name="GETMaterialRequestProjects" time="0.691" classname="com.volvo.gloria.CreateMaterialRequest.CreateNewMaterialRequestTest"/>
  <testcase name="GETMaterialRequestProjects" time="0.749" classname="com.volvo.gloria.CreateMaterialRequest.CreateNewMaterialRequestTest"/>
  <testcase name="GETMaterialRequestProjects" time="0.692" classname="com.volvo.gloria.CreateMaterialRequest.CreateNewMaterialRequestTest"/>
  <testcase name="GETMaterialRequestProjects" time="0.698" classname="com.volvo.gloria.CreateMaterialRequest.CreateNewMaterialRequestTest"/>
  <testcase name="GETMaterialRequestProjects" time="0.688" classname="com.volvo.gloria.CreateMaterialRequest.CreateNewMaterialRequestTest"/>
  <testcase name="POSTMaterialRequestAddPart" time="0.382" classname="com.volvo.gloria.CreateMaterialRequest.CreateNewMaterialRequestTest"/>
  <testcase name="PUTMaterialRequestPreSend" time="0.394" classname="com.volvo.gloria.CreateMaterialRequest.CreateNewMaterialRequestTest"/>
  <testcase name="PUTMaterialRequestSend" time="0.507" classname="com.volvo.gloria.CreateMaterialRequest.CreateNewMaterialRequestTest"/>
  <testcase name="GetMaterialRequestLinesTest" time="0.711" classname="com.volvo.gloria.CreateMaterialRequest.MaterialRequestOverviewPageTest"/>
  <testcase name="GetMaterialRequestTeamMembers" time="2.94" classname="com.volvo.gloria.CreateMaterialRequest.MaterialRequestOverviewPageTest"/>
  <testcase name="GetMaterialRequestPageTest" time="0.974" classname="com.volvo.gloria.CreateMaterialRequest.MaterialRequestPageTest"/>
  <testcase name="GETInboxAlertChangeTest" time="0.376" classname="com.volvo.gloria.Procurement.InboxTest"/>
  <testcase name="GETInboxAlertChangeTest" time="0.371" classname="com.volvo.gloria.Procurement.InboxTest"/>
  <testcase name="GETInboxAlertChangeTest" time="0.37" classname="com.volvo.gloria.Procurement.InboxTest"/>
  <testcase name="GETInboxAlertChangeTest" time="0.441" classname="com.volvo.gloria.Procurement.InboxTest"/>
  <testcase name="GETInboxAlertChangeTest" time="0.404" classname="com.volvo.gloria.Procurement.InboxTest"/>
  <testcase name="GETInboxAlertChangeTest" time="0.404" classname="com.volvo.gloria.Procurement.InboxTest"/>
  <testcase name="GETInboxAlertChangeTest" time="0.404" classname="com.volvo.gloria.Procurement.InboxTest"/>
  <testcase name="GETInboxAlertChangeTest" time="0.434" classname="com.volvo.gloria.Procurement.InboxTest"/>
  <testcase name="GETInboxAlertChangeTest" time="0.381" classname="com.volvo.gloria.Procurement.InboxTest"/>
  <testcase name="GETInboxAlertChangeTest" time="0.529" classname="com.volvo.gloria.Procurement.InboxTest"/>
  <testcase name="GETInboxAlertonProcurementTest" time="0.372" classname="com.volvo.gloria.Procurement.InboxTest"/>
  <testcase name="GETInboxAlertonProcurementTest" time="0.375" classname="com.volvo.gloria.Procurement.InboxTest"/>
  <testcase name="GETInboxAlertonProcurementTest" time="0.379" classname="com.volvo.gloria.Procurement.InboxTest"/>
  <testcase name="GETInboxAlertonProcurementTest" time="0.362" classname="com.volvo.gloria.Procurement.InboxTest"/>
  <testcase name="GETInboxAlertonProcurementTest" time="0.359" classname="com.volvo.gloria.Procurement.InboxTest"/>
  <testcase name="GETInboxAlertonProcurementTest" time="0.363" classname="com.volvo.gloria.Procurement.InboxTest"/>
  <testcase name="GETInboxAlertonProcurementTest" time="0.369" classname="com.volvo.gloria.Procurement.InboxTest"/>
  <testcase name="GETInboxAlertonProcurementTest" time="0.372" classname="com.volvo.gloria.Procurement.InboxTest"/>
  <testcase name="GETInboxAlertonProcurementTest" time="0.369" classname="com.volvo.gloria.Procurement.InboxTest"/>
  <testcase name="GETInboxAlertonProcurementTest" time="0.361" classname="com.volvo.gloria.Procurement.InboxTest"/>
  <testcase name="GETInboxProcurementTeamsTest" time="0.391" classname="com.volvo.gloria.Procurement.InboxTest"/>
  <testcase name="GETInboxProcurementTest" time="0.405" classname="com.volvo.gloria.Procurement.InboxTest"/>
  <testcase name="GETInboxSearchMTRID" time="0.21" classname="com.volvo.gloria.Procurement.InboxTest"/>
  <testcase name="GETProcureLinewithMTRID" time="2.414" classname="com.volvo.gloria.Procurement.ToProcurePageTest">
    <failure type="java.lang.AssertionError" message="1 expectation failed.
Expected status code &amp;lt;200&amp;gt; but was &amp;lt;204&amp;gt;.
">
      <![CDATA[java.lang.AssertionError: 1 expectation failed.
Expected status code <200> but was <204>.

at org.codehaus.groovy.runtime.callsite.ConstructorSite$ConstructorSiteNoUnwrap.callConstructor(ConstructorSite.java:84)
at org.codehaus.groovy.runtime.callsite.CallSiteArray.defaultCallConstructor(CallSiteArray.java:59)
at org.codehaus.groovy.runtime.callsite.AbstractCallSite.callConstructor(AbstractCallSite.java:237)
at org.codehaus.groovy.runtime.callsite.AbstractCallSite.callConstructor(AbstractCallSite.java:249)
at io.restassured.internal.ResponseSpecificationImpl$HamcrestAssertionClosure.validate(ResponseSpecificationImpl.groovy:493)
at io.restassured.internal.ResponseSpecificationImpl$HamcrestAssertionClosure$validate$1.call(Unknown Source)
at io.restassured.internal.ResponseSpecificationImpl.validateResponseIfRequired(ResponseSpecificationImpl.groovy:674)
at org.codehaus.groovy.runtime.callsite.PlainObjectMetaMethodSite.doInvoke(PlainObjectMetaMethodSite.java:43)
at org.codehaus.groovy.runtime.callsite.PogoMetaMethodSite$PogoCachedMethodSiteNoUnwrapNoCoerce.invoke(PogoMetaMethodSite.java:190)
at org.codehaus.groovy.runtime.callsite.PogoMetaMethodSite.callCurrent(PogoMetaMethodSite.java:58)
at org.codehaus.groovy.runtime.callsite.AbstractCallSite.callCurrent(AbstractCallSite.java:168)
at io.restassured.internal.ResponseSpecificationImpl.statusCode(ResponseSpecificationImpl.groovy:126)
at io.restassured.specification.ResponseSpecification$statusCode$0.callCurrent(Unknown Source)
at io.restassured.internal.ResponseSpecificationImpl.statusCode(ResponseSpecificationImpl.groovy:134)
at io.restassured.internal.ValidatableResponseOptionsImpl.statusCode(ValidatableResponseOptionsImpl.java:89)
at io.restassured.internal.ValidatableResponseImpl.super$2$statusCode(ValidatableResponseImpl.groovy)
at groovy.lang.MetaMethod.doMethodInvoke(MetaMethod.java:323)
at groovy.lang.MetaClassImpl.invokeMethod(MetaClassImpl.java:1217)
at org.codehaus.groovy.runtime.ScriptBytecodeAdapter.invokeMethodOnSuperN(ScriptBytecodeAdapter.java:144)
at io.restassured.internal.ValidatableResponseImpl.statusCode(ValidatableResponseImpl.groovy:142)
at io.restassured.internal.ValidatableResponseImpl.statusCode(ValidatableResponseImpl.groovy)
at com.volvo.gloria.Procurement.ToProcurePageTest.GETProcureLinewithMTRID(ToProcurePageTest.java:132)
... Removed 38 stack frames]]>
    </failure>
  </testcase> <!-- GETProcureLinewithMTRID -->
  <testcase name="GetToProcureFlagsTest" time="0.411" classname="com.volvo.gloria.Procurement.ToProcurePageTest">
    <failure type="java.lang.AssertionError" message="1 expectation failed.
Expected status code &amp;lt;200&amp;gt; but was &amp;lt;500&amp;gt;.
">
      <![CDATA[java.lang.AssertionError: 1 expectation failed.
Expected status code <200> but was <500>.

at org.codehaus.groovy.runtime.callsite.ConstructorSite$ConstructorSiteNoUnwrap.callConstructor(ConstructorSite.java:84)
at org.codehaus.groovy.runtime.callsite.AbstractCallSite.callConstructor(AbstractCallSite.java:249)
at io.restassured.internal.ResponseSpecificationImpl$HamcrestAssertionClosure.validate(ResponseSpecificationImpl.groovy:493)
at io.restassured.internal.ResponseSpecificationImpl$HamcrestAssertionClosure$validate$1.call(Unknown Source)
at io.restassured.internal.ResponseSpecificationImpl.validateResponseIfRequired(ResponseSpecificationImpl.groovy:674)
at org.codehaus.groovy.runtime.callsite.PlainObjectMetaMethodSite.doInvoke(PlainObjectMetaMethodSite.java:43)
at org.codehaus.groovy.runtime.callsite.PogoMetaMethodSite$PogoCachedMethodSiteNoUnwrapNoCoerce.invoke(PogoMetaMethodSite.java:190)
at org.codehaus.groovy.runtime.callsite.PogoMetaMethodSite.callCurrent(PogoMetaMethodSite.java:58)
at org.codehaus.groovy.runtime.callsite.AbstractCallSite.callCurrent(AbstractCallSite.java:168)
at io.restassured.internal.ResponseSpecificationImpl.statusCode(ResponseSpecificationImpl.groovy:126)
at io.restassured.specification.ResponseSpecification$statusCode$0.callCurrent(Unknown Source)
at io.restassured.internal.ResponseSpecificationImpl.statusCode(ResponseSpecificationImpl.groovy:134)
at io.restassured.internal.ValidatableResponseOptionsImpl.statusCode(ValidatableResponseOptionsImpl.java:89)
at io.restassured.internal.ValidatableResponseImpl.super$2$statusCode(ValidatableResponseImpl.groovy)
at groovy.lang.MetaMethod.doMethodInvoke(MetaMethod.java:323)
at groovy.lang.MetaClassImpl.invokeMethod(MetaClassImpl.java:1217)
at org.codehaus.groovy.runtime.ScriptBytecodeAdapter.invokeMethodOnSuperN(ScriptBytecodeAdapter.java:144)
at io.restassured.internal.ValidatableResponseImpl.statusCode(ValidatableResponseImpl.groovy:142)
at io.restassured.internal.ValidatableResponseImpl.statusCode(ValidatableResponseImpl.groovy)
at com.volvo.gloria.Procurement.ToProcurePageTest.GetToProcureFlagsTest(ToProcurePageTest.java:71)
... Removed 38 stack frames]]>
    </failure>
  </testcase> <!-- GetToProcureFlagsTest -->
  <testcase name="GetToProcureFlagsTest" time="0.379" classname="com.volvo.gloria.Procurement.ToProcurePageTest">
    <failure type="java.lang.AssertionError" message="1 expectation failed.
Expected status code &amp;lt;200&amp;gt; but was &amp;lt;500&amp;gt;.
">
      <![CDATA[java.lang.AssertionError: 1 expectation failed.
Expected status code <200> but was <500>.

at org.codehaus.groovy.runtime.callsite.ConstructorSite$ConstructorSiteNoUnwrap.callConstructor(ConstructorSite.java:84)
at org.codehaus.groovy.runtime.callsite.AbstractCallSite.callConstructor(AbstractCallSite.java:249)
at io.restassured.internal.ResponseSpecificationImpl$HamcrestAssertionClosure.validate(ResponseSpecificationImpl.groovy:493)
at io.restassured.internal.ResponseSpecificationImpl$HamcrestAssertionClosure$validate$1.call(Unknown Source)
at io.restassured.internal.ResponseSpecificationImpl.validateResponseIfRequired(ResponseSpecificationImpl.groovy:674)
at org.codehaus.groovy.runtime.callsite.PlainObjectMetaMethodSite.doInvoke(PlainObjectMetaMethodSite.java:43)
at org.codehaus.groovy.runtime.callsite.PogoMetaMethodSite$PogoCachedMethodSiteNoUnwrapNoCoerce.invoke(PogoMetaMethodSite.java:190)
at org.codehaus.groovy.runtime.callsite.PogoMetaMethodSite.callCurrent(PogoMetaMethodSite.java:58)
at org.codehaus.groovy.runtime.callsite.AbstractCallSite.callCurrent(AbstractCallSite.java:168)
at io.restassured.internal.ResponseSpecificationImpl.statusCode(ResponseSpecificationImpl.groovy:126)
at io.restassured.specification.ResponseSpecification$statusCode$0.callCurrent(Unknown Source)
at io.restassured.internal.ResponseSpecificationImpl.statusCode(ResponseSpecificationImpl.groovy:134)
at io.restassured.internal.ValidatableResponseOptionsImpl.statusCode(ValidatableResponseOptionsImpl.java:89)
at io.restassured.internal.ValidatableResponseImpl.super$2$statusCode(ValidatableResponseImpl.groovy)
at groovy.lang.MetaMethod.doMethodInvoke(MetaMethod.java:323)
at groovy.lang.MetaClassImpl.invokeMethod(MetaClassImpl.java:1217)
at org.codehaus.groovy.runtime.ScriptBytecodeAdapter.invokeMethodOnSuperN(ScriptBytecodeAdapter.java:144)
at io.restassured.internal.ValidatableResponseImpl.statusCode(ValidatableResponseImpl.groovy:142)
at io.restassured.internal.ValidatableResponseImpl.statusCode(ValidatableResponseImpl.groovy)
at com.volvo.gloria.Procurement.ToProcurePageTest.GetToProcureFlagsTest(ToProcurePageTest.java:71)
... Removed 38 stack frames]]>
    </failure>
  </testcase> <!-- GetToProcureFlagsTest -->
  <testcase name="GetToProcureFlagsTest" time="0.38" classname="com.volvo.gloria.Procurement.ToProcurePageTest">
    <failure type="java.lang.AssertionError" message="1 expectation failed.
Expected status code &amp;lt;200&amp;gt; but was &amp;lt;500&amp;gt;.
">
      <![CDATA[java.lang.AssertionError: 1 expectation failed.
Expected status code <200> but was <500>.

at org.codehaus.groovy.runtime.callsite.ConstructorSite$ConstructorSiteNoUnwrap.callConstructor(ConstructorSite.java:84)
at org.codehaus.groovy.runtime.callsite.AbstractCallSite.callConstructor(AbstractCallSite.java:249)
at io.restassured.internal.ResponseSpecificationImpl$HamcrestAssertionClosure.validate(ResponseSpecificationImpl.groovy:493)
at io.restassured.internal.ResponseSpecificationImpl$HamcrestAssertionClosure$validate$1.call(Unknown Source)
at io.restassured.internal.ResponseSpecificationImpl.validateResponseIfRequired(ResponseSpecificationImpl.groovy:674)
at org.codehaus.groovy.runtime.callsite.PlainObjectMetaMethodSite.doInvoke(PlainObjectMetaMethodSite.java:43)
at org.codehaus.groovy.runtime.callsite.PogoMetaMethodSite$PogoCachedMethodSiteNoUnwrapNoCoerce.invoke(PogoMetaMethodSite.java:190)
at org.codehaus.groovy.runtime.callsite.PogoMetaMethodSite.callCurrent(PogoMetaMethodSite.java:58)
at org.codehaus.groovy.runtime.callsite.AbstractCallSite.callCurrent(AbstractCallSite.java:168)
at io.restassured.internal.ResponseSpecificationImpl.statusCode(ResponseSpecificationImpl.groovy:126)
at io.restassured.specification.ResponseSpecification$statusCode$0.callCurrent(Unknown Source)
at io.restassured.internal.ResponseSpecificationImpl.statusCode(ResponseSpecificationImpl.groovy:134)
at io.restassured.internal.ValidatableResponseOptionsImpl.statusCode(ValidatableResponseOptionsImpl.java:89)
at io.restassured.internal.ValidatableResponseImpl.super$2$statusCode(ValidatableResponseImpl.groovy)
at groovy.lang.MetaMethod.doMethodInvoke(MetaMethod.java:323)
at groovy.lang.MetaClassImpl.invokeMethod(MetaClassImpl.java:1217)
at org.codehaus.groovy.runtime.ScriptBytecodeAdapter.invokeMethodOnSuperN(ScriptBytecodeAdapter.java:144)
at io.restassured.internal.ValidatableResponseImpl.statusCode(ValidatableResponseImpl.groovy:142)
at io.restassured.internal.ValidatableResponseImpl.statusCode(ValidatableResponseImpl.groovy)
at com.volvo.gloria.Procurement.ToProcurePageTest.GetToProcureFlagsTest(ToProcurePageTest.java:71)
... Removed 38 stack frames]]>
    </failure>
  </testcase> <!-- GetToProcureFlagsTest -->
  <testcase name="GetToProcureFlagsTest" time="0.51" classname="com.volvo.gloria.Procurement.ToProcurePageTest">
    <failure type="java.lang.AssertionError" message="1 expectation failed.
Expected status code &amp;lt;200&amp;gt; but was &amp;lt;500&amp;gt;.
">
      <![CDATA[java.lang.AssertionError: 1 expectation failed.
Expected status code <200> but was <500>.

at org.codehaus.groovy.runtime.callsite.ConstructorSite$ConstructorSiteNoUnwrap.callConstructor(ConstructorSite.java:84)
at org.codehaus.groovy.runtime.callsite.AbstractCallSite.callConstructor(AbstractCallSite.java:249)
at io.restassured.internal.ResponseSpecificationImpl$HamcrestAssertionClosure.validate(ResponseSpecificationImpl.groovy:493)
at io.restassured.internal.ResponseSpecificationImpl$HamcrestAssertionClosure$validate$1.call(Unknown Source)
at io.restassured.internal.ResponseSpecificationImpl.validateResponseIfRequired(ResponseSpecificationImpl.groovy:674)
at org.codehaus.groovy.runtime.callsite.PlainObjectMetaMethodSite.doInvoke(PlainObjectMetaMethodSite.java:43)
at org.codehaus.groovy.runtime.callsite.PogoMetaMethodSite$PogoCachedMethodSiteNoUnwrapNoCoerce.invoke(PogoMetaMethodSite.java:190)
at org.codehaus.groovy.runtime.callsite.PogoMetaMethodSite.callCurrent(PogoMetaMethodSite.java:58)
at org.codehaus.groovy.runtime.callsite.AbstractCallSite.callCurrent(AbstractCallSite.java:168)
at io.restassured.internal.ResponseSpecificationImpl.statusCode(ResponseSpecificationImpl.groovy:126)
at io.restassured.specification.ResponseSpecification$statusCode$0.callCurrent(Unknown Source)
at io.restassured.internal.ResponseSpecificationImpl.statusCode(ResponseSpecificationImpl.groovy:134)
at io.restassured.internal.ValidatableResponseOptionsImpl.statusCode(ValidatableResponseOptionsImpl.java:89)
at io.restassured.internal.ValidatableResponseImpl.super$2$statusCode(ValidatableResponseImpl.groovy)
at groovy.lang.MetaMethod.doMethodInvoke(MetaMethod.java:323)
at groovy.lang.MetaClassImpl.invokeMethod(MetaClassImpl.java:1217)
at org.codehaus.groovy.runtime.ScriptBytecodeAdapter.invokeMethodOnSuperN(ScriptBytecodeAdapter.java:144)
at io.restassured.internal.ValidatableResponseImpl.statusCode(ValidatableResponseImpl.groovy:142)
at io.restassured.internal.ValidatableResponseImpl.statusCode(ValidatableResponseImpl.groovy)
at com.volvo.gloria.Procurement.ToProcurePageTest.GetToProcureFlagsTest(ToProcurePageTest.java:71)
... Removed 38 stack frames]]>
    </failure>
  </testcase> <!-- GetToProcureFlagsTest -->
  <testcase name="GetToProcureFlagsTest" time="0.52" classname="com.volvo.gloria.Procurement.ToProcurePageTest">
    <failure type="java.lang.AssertionError" message="1 expectation failed.
Expected status code &amp;lt;200&amp;gt; but was &amp;lt;500&amp;gt;.
">
      <![CDATA[java.lang.AssertionError: 1 expectation failed.
Expected status code <200> but was <500>.

at org.codehaus.groovy.runtime.callsite.ConstructorSite$ConstructorSiteNoUnwrap.callConstructor(ConstructorSite.java:84)
at org.codehaus.groovy.runtime.callsite.AbstractCallSite.callConstructor(AbstractCallSite.java:249)
at io.restassured.internal.ResponseSpecificationImpl$HamcrestAssertionClosure.validate(ResponseSpecificationImpl.groovy:493)
at io.restassured.internal.ResponseSpecificationImpl$HamcrestAssertionClosure$validate$1.call(Unknown Source)
at io.restassured.internal.ResponseSpecificationImpl.validateResponseIfRequired(ResponseSpecificationImpl.groovy:674)
at org.codehaus.groovy.runtime.callsite.PlainObjectMetaMethodSite.doInvoke(PlainObjectMetaMethodSite.java:43)
at org.codehaus.groovy.runtime.callsite.PogoMetaMethodSite$PogoCachedMethodSiteNoUnwrapNoCoerce.invoke(PogoMetaMethodSite.java:190)
at org.codehaus.groovy.runtime.callsite.PogoMetaMethodSite.callCurrent(PogoMetaMethodSite.java:58)
at org.codehaus.groovy.runtime.callsite.AbstractCallSite.callCurrent(AbstractCallSite.java:168)
at io.restassured.internal.ResponseSpecificationImpl.statusCode(ResponseSpecificationImpl.groovy:126)
at io.restassured.specification.ResponseSpecification$statusCode$0.callCurrent(Unknown Source)
at io.restassured.internal.ResponseSpecificationImpl.statusCode(ResponseSpecificationImpl.groovy:134)
at io.restassured.internal.ValidatableResponseOptionsImpl.statusCode(ValidatableResponseOptionsImpl.java:89)
at io.restassured.internal.ValidatableResponseImpl.super$2$statusCode(ValidatableResponseImpl.groovy)
at groovy.lang.MetaMethod.doMethodInvoke(MetaMethod.java:323)
at groovy.lang.MetaClassImpl.invokeMethod(MetaClassImpl.java:1217)
at org.codehaus.groovy.runtime.ScriptBytecodeAdapter.invokeMethodOnSuperN(ScriptBytecodeAdapter.java:144)
at io.restassured.internal.ValidatableResponseImpl.statusCode(ValidatableResponseImpl.groovy:142)
at io.restassured.internal.ValidatableResponseImpl.statusCode(ValidatableResponseImpl.groovy)
at com.volvo.gloria.Procurement.ToProcurePageTest.GetToProcureFlagsTest(ToProcurePageTest.java:71)
... Removed 38 stack frames]]>
    </failure>
  </testcase> <!-- GetToProcureFlagsTest -->
  <testcase name="GetToProcureFlagsTest" time="0.358" classname="com.volvo.gloria.Procurement.ToProcurePageTest">
    <failure type="java.lang.AssertionError" message="1 expectation failed.
Expected status code &amp;lt;200&amp;gt; but was &amp;lt;500&amp;gt;.
">
      <![CDATA[java.lang.AssertionError: 1 expectation failed.
Expected status code <200> but was <500>.

at org.codehaus.groovy.runtime.callsite.ConstructorSite$ConstructorSiteNoUnwrap.callConstructor(ConstructorSite.java:84)
at org.codehaus.groovy.runtime.callsite.AbstractCallSite.callConstructor(AbstractCallSite.java:249)
at io.restassured.internal.ResponseSpecificationImpl$HamcrestAssertionClosure.validate(ResponseSpecificationImpl.groovy:493)
at io.restassured.internal.ResponseSpecificationImpl$HamcrestAssertionClosure$validate$1.call(Unknown Source)
at io.restassured.internal.ResponseSpecificationImpl.validateResponseIfRequired(ResponseSpecificationImpl.groovy:674)
at org.codehaus.groovy.runtime.callsite.PlainObjectMetaMethodSite.doInvoke(PlainObjectMetaMethodSite.java:43)
at org.codehaus.groovy.runtime.callsite.PogoMetaMethodSite$PogoCachedMethodSiteNoUnwrapNoCoerce.invoke(PogoMetaMethodSite.java:190)
at org.codehaus.groovy.runtime.callsite.PogoMetaMethodSite.callCurrent(PogoMetaMethodSite.java:58)
at org.codehaus.groovy.runtime.callsite.AbstractCallSite.callCurrent(AbstractCallSite.java:168)
at io.restassured.internal.ResponseSpecificationImpl.statusCode(ResponseSpecificationImpl.groovy:126)
at io.restassured.specification.ResponseSpecification$statusCode$0.callCurrent(Unknown Source)
at io.restassured.internal.ResponseSpecificationImpl.statusCode(ResponseSpecificationImpl.groovy:134)
at io.restassured.internal.ValidatableResponseOptionsImpl.statusCode(ValidatableResponseOptionsImpl.java:89)
at io.restassured.internal.ValidatableResponseImpl.super$2$statusCode(ValidatableResponseImpl.groovy)
at groovy.lang.MetaMethod.doMethodInvoke(MetaMethod.java:323)
at groovy.lang.MetaClassImpl.invokeMethod(MetaClassImpl.java:1217)
at org.codehaus.groovy.runtime.ScriptBytecodeAdapter.invokeMethodOnSuperN(ScriptBytecodeAdapter.java:144)
at io.restassured.internal.ValidatableResponseImpl.statusCode(ValidatableResponseImpl.groovy:142)
at io.restassured.internal.ValidatableResponseImpl.statusCode(ValidatableResponseImpl.groovy)
at com.volvo.gloria.Procurement.ToProcurePageTest.GetToProcureFlagsTest(ToProcurePageTest.java:71)
... Removed 38 stack frames]]>
    </failure>
  </testcase> <!-- GetToProcureFlagsTest -->
  <testcase name="GetToProcureFlagsTest" time="0.366" classname="com.volvo.gloria.Procurement.ToProcurePageTest">
    <failure type="java.lang.AssertionError" message="1 expectation failed.
Expected status code &amp;lt;200&amp;gt; but was &amp;lt;500&amp;gt;.
">
      <![CDATA[java.lang.AssertionError: 1 expectation failed.
Expected status code <200> but was <500>.

at org.codehaus.groovy.runtime.callsite.ConstructorSite$ConstructorSiteNoUnwrap.callConstructor(ConstructorSite.java:84)
at org.codehaus.groovy.runtime.callsite.AbstractCallSite.callConstructor(AbstractCallSite.java:249)
at io.restassured.internal.ResponseSpecificationImpl$HamcrestAssertionClosure.validate(ResponseSpecificationImpl.groovy:493)
at io.restassured.internal.ResponseSpecificationImpl$HamcrestAssertionClosure$validate$1.call(Unknown Source)
at io.restassured.internal.ResponseSpecificationImpl.validateResponseIfRequired(ResponseSpecificationImpl.groovy:674)
at org.codehaus.groovy.runtime.callsite.PlainObjectMetaMethodSite.doInvoke(PlainObjectMetaMethodSite.java:43)
at org.codehaus.groovy.runtime.callsite.PogoMetaMethodSite$PogoCachedMethodSiteNoUnwrapNoCoerce.invoke(PogoMetaMethodSite.java:190)
at org.codehaus.groovy.runtime.callsite.PogoMetaMethodSite.callCurrent(PogoMetaMethodSite.java:58)
at org.codehaus.groovy.runtime.callsite.AbstractCallSite.callCurrent(AbstractCallSite.java:168)
at io.restassured.internal.ResponseSpecificationImpl.statusCode(ResponseSpecificationImpl.groovy:126)
at io.restassured.specification.ResponseSpecification$statusCode$0.callCurrent(Unknown Source)
at io.restassured.internal.ResponseSpecificationImpl.statusCode(ResponseSpecificationImpl.groovy:134)
at io.restassured.internal.ValidatableResponseOptionsImpl.statusCode(ValidatableResponseOptionsImpl.java:89)
at io.restassured.internal.ValidatableResponseImpl.super$2$statusCode(ValidatableResponseImpl.groovy)
at groovy.lang.MetaMethod.doMethodInvoke(MetaMethod.java:323)
at groovy.lang.MetaClassImpl.invokeMethod(MetaClassImpl.java:1217)
at org.codehaus.groovy.runtime.ScriptBytecodeAdapter.invokeMethodOnSuperN(ScriptBytecodeAdapter.java:144)
at io.restassured.internal.ValidatableResponseImpl.statusCode(ValidatableResponseImpl.groovy:142)
at io.restassured.internal.ValidatableResponseImpl.statusCode(ValidatableResponseImpl.groovy)
at com.volvo.gloria.Procurement.ToProcurePageTest.GetToProcureFlagsTest(ToProcurePageTest.java:71)
... Removed 38 stack frames]]>
    </failure>
  </testcase> <!-- GetToProcureFlagsTest -->
  <testcase name="GetToProcureFlagsTest" time="0.537" classname="com.volvo.gloria.Procurement.ToProcurePageTest">
    <failure type="java.lang.AssertionError" message="1 expectation failed.
Expected status code &amp;lt;200&amp;gt; but was &amp;lt;500&amp;gt;.
">
      <![CDATA[java.lang.AssertionError: 1 expectation failed.
Expected status code <200> but was <500>.

at org.codehaus.groovy.runtime.callsite.ConstructorSite$ConstructorSiteNoUnwrap.callConstructor(ConstructorSite.java:84)
at org.codehaus.groovy.runtime.callsite.AbstractCallSite.callConstructor(AbstractCallSite.java:249)
at io.restassured.internal.ResponseSpecificationImpl$HamcrestAssertionClosure.validate(ResponseSpecificationImpl.groovy:493)
at io.restassured.internal.ResponseSpecificationImpl$HamcrestAssertionClosure$validate$1.call(Unknown Source)
at io.restassured.internal.ResponseSpecificationImpl.validateResponseIfRequired(ResponseSpecificationImpl.groovy:674)
at org.codehaus.groovy.runtime.callsite.PlainObjectMetaMethodSite.doInvoke(PlainObjectMetaMethodSite.java:43)
at org.codehaus.groovy.runtime.callsite.PogoMetaMethodSite$PogoCachedMethodSiteNoUnwrapNoCoerce.invoke(PogoMetaMethodSite.java:190)
at org.codehaus.groovy.runtime.callsite.PogoMetaMethodSite.callCurrent(PogoMetaMethodSite.java:58)
at org.codehaus.groovy.runtime.callsite.AbstractCallSite.callCurrent(AbstractCallSite.java:168)
at io.restassured.internal.ResponseSpecificationImpl.statusCode(ResponseSpecificationImpl.groovy:126)
at io.restassured.specification.ResponseSpecification$statusCode$0.callCurrent(Unknown Source)
at io.restassured.internal.ResponseSpecificationImpl.statusCode(ResponseSpecificationImpl.groovy:134)
at io.restassured.internal.ValidatableResponseOptionsImpl.statusCode(ValidatableResponseOptionsImpl.java:89)
at io.restassured.internal.ValidatableResponseImpl.super$2$statusCode(ValidatableResponseImpl.groovy)
at groovy.lang.MetaMethod.doMethodInvoke(MetaMethod.java:323)
at groovy.lang.MetaClassImpl.invokeMethod(MetaClassImpl.java:1217)
at org.codehaus.groovy.runtime.ScriptBytecodeAdapter.invokeMethodOnSuperN(ScriptBytecodeAdapter.java:144)
at io.restassured.internal.ValidatableResponseImpl.statusCode(ValidatableResponseImpl.groovy:142)
at io.restassured.internal.ValidatableResponseImpl.statusCode(ValidatableResponseImpl.groovy)
at com.volvo.gloria.Procurement.ToProcurePageTest.GetToProcureFlagsTest(ToProcurePageTest.java:71)
... Removed 38 stack frames]]>
    </failure>
  </testcase> <!-- GetToProcureFlagsTest -->
  <testcase name="GetToProcureFlagsTest" time="0.414" classname="com.volvo.gloria.Procurement.ToProcurePageTest">
    <failure type="java.lang.AssertionError" message="1 expectation failed.
Expected status code &amp;lt;200&amp;gt; but was &amp;lt;500&amp;gt;.
">
      <![CDATA[java.lang.AssertionError: 1 expectation failed.
Expected status code <200> but was <500>.

at org.codehaus.groovy.runtime.callsite.ConstructorSite$ConstructorSiteNoUnwrap.callConstructor(ConstructorSite.java:84)
at org.codehaus.groovy.runtime.callsite.AbstractCallSite.callConstructor(AbstractCallSite.java:249)
at io.restassured.internal.ResponseSpecificationImpl$HamcrestAssertionClosure.validate(ResponseSpecificationImpl.groovy:493)
at io.restassured.internal.ResponseSpecificationImpl$HamcrestAssertionClosure$validate$1.call(Unknown Source)
at io.restassured.internal.ResponseSpecificationImpl.validateResponseIfRequired(ResponseSpecificationImpl.groovy:674)
at org.codehaus.groovy.runtime.callsite.PlainObjectMetaMethodSite.doInvoke(PlainObjectMetaMethodSite.java:43)
at org.codehaus.groovy.runtime.callsite.PogoMetaMethodSite$PogoCachedMethodSiteNoUnwrapNoCoerce.invoke(PogoMetaMethodSite.java:190)
at org.codehaus.groovy.runtime.callsite.PogoMetaMethodSite.callCurrent(PogoMetaMethodSite.java:58)
at org.codehaus.groovy.runtime.callsite.AbstractCallSite.callCurrent(AbstractCallSite.java:168)
at io.restassured.internal.ResponseSpecificationImpl.statusCode(ResponseSpecificationImpl.groovy:126)
at io.restassured.specification.ResponseSpecification$statusCode$0.callCurrent(Unknown Source)
at io.restassured.internal.ResponseSpecificationImpl.statusCode(ResponseSpecificationImpl.groovy:134)
at io.restassured.internal.ValidatableResponseOptionsImpl.statusCode(ValidatableResponseOptionsImpl.java:89)
at io.restassured.internal.ValidatableResponseImpl.super$2$statusCode(ValidatableResponseImpl.groovy)
at groovy.lang.MetaMethod.doMethodInvoke(MetaMethod.java:323)
at groovy.lang.MetaClassImpl.invokeMethod(MetaClassImpl.java:1217)
at org.codehaus.groovy.runtime.ScriptBytecodeAdapter.invokeMethodOnSuperN(ScriptBytecodeAdapter.java:144)
at io.restassured.internal.ValidatableResponseImpl.statusCode(ValidatableResponseImpl.groovy:142)
at io.restassured.internal.ValidatableResponseImpl.statusCode(ValidatableResponseImpl.groovy)
at com.volvo.gloria.Procurement.ToProcurePageTest.GetToProcureFlagsTest(ToProcurePageTest.java:71)
... Removed 38 stack frames]]>
    </failure>
  </testcase> <!-- GetToProcureFlagsTest -->
  <testcase name="GetToProcureFlagsTest" time="0.401" classname="com.volvo.gloria.Procurement.ToProcurePageTest">
    <failure type="java.lang.AssertionError" message="1 expectation failed.
Expected status code &amp;lt;200&amp;gt; but was &amp;lt;500&amp;gt;.
">
      <![CDATA[java.lang.AssertionError: 1 expectation failed.
Expected status code <200> but was <500>.

at org.codehaus.groovy.runtime.callsite.ConstructorSite$ConstructorSiteNoUnwrap.callConstructor(ConstructorSite.java:84)
at org.codehaus.groovy.runtime.callsite.AbstractCallSite.callConstructor(AbstractCallSite.java:249)
at io.restassured.internal.ResponseSpecificationImpl$HamcrestAssertionClosure.validate(ResponseSpecificationImpl.groovy:493)
at io.restassured.internal.ResponseSpecificationImpl$HamcrestAssertionClosure$validate$1.call(Unknown Source)
at io.restassured.internal.ResponseSpecificationImpl.validateResponseIfRequired(ResponseSpecificationImpl.groovy:674)
at org.codehaus.groovy.runtime.callsite.PlainObjectMetaMethodSite.doInvoke(PlainObjectMetaMethodSite.java:43)
at org.codehaus.groovy.runtime.callsite.PogoMetaMethodSite$PogoCachedMethodSiteNoUnwrapNoCoerce.invoke(PogoMetaMethodSite.java:190)
at org.codehaus.groovy.runtime.callsite.PogoMetaMethodSite.callCurrent(PogoMetaMethodSite.java:58)
at org.codehaus.groovy.runtime.callsite.AbstractCallSite.callCurrent(AbstractCallSite.java:168)
at io.restassured.internal.ResponseSpecificationImpl.statusCode(ResponseSpecificationImpl.groovy:126)
at io.restassured.specification.ResponseSpecification$statusCode$0.callCurrent(Unknown Source)
at io.restassured.internal.ResponseSpecificationImpl.statusCode(ResponseSpecificationImpl.groovy:134)
at io.restassured.internal.ValidatableResponseOptionsImpl.statusCode(ValidatableResponseOptionsImpl.java:89)
at io.restassured.internal.ValidatableResponseImpl.super$2$statusCode(ValidatableResponseImpl.groovy)
at groovy.lang.MetaMethod.doMethodInvoke(MetaMethod.java:323)
at groovy.lang.MetaClassImpl.invokeMethod(MetaClassImpl.java:1217)
at org.codehaus.groovy.runtime.ScriptBytecodeAdapter.invokeMethodOnSuperN(ScriptBytecodeAdapter.java:144)
at io.restassured.internal.ValidatableResponseImpl.statusCode(ValidatableResponseImpl.groovy:142)
at io.restassured.internal.ValidatableResponseImpl.statusCode(ValidatableResponseImpl.groovy)
at com.volvo.gloria.Procurement.ToProcurePageTest.GetToProcureFlagsTest(ToProcurePageTest.java:71)
... Removed 38 stack frames]]>
    </failure>
  </testcase> <!-- GetToProcureFlagsTest -->
  <testcase name="GetToProcureProcureLinesTest" time="0.434" classname="com.volvo.gloria.Procurement.ToProcurePageTest"/>
  <testcase name="GetToProcureProcureLinesTest" time="0.425" classname="com.volvo.gloria.Procurement.ToProcurePageTest"/>
  <testcase name="GetToProcureProcureLinesTest" time="0.414" classname="com.volvo.gloria.Procurement.ToProcurePageTest"/>
  <testcase name="GetToProcureProcureLinesTest" time="0.411" classname="com.volvo.gloria.Procurement.ToProcurePageTest"/>
  <testcase name="GetToProcureProcureLinesTest" time="0.445" classname="com.volvo.gloria.Procurement.ToProcurePageTest"/>
  <testcase name="GetToProcureProcureLinesTest" time="0.43" classname="com.volvo.gloria.Procurement.ToProcurePageTest"/>
  <testcase name="GetToProcureProcureLinesTest" time="0.388" classname="com.volvo.gloria.Procurement.ToProcurePageTest"/>
  <testcase name="GetToProcureProcureLinesTest" time="0.366" classname="com.volvo.gloria.Procurement.ToProcurePageTest"/>
  <testcase name="GetToProcureProcureLinesTest" time="0.381" classname="com.volvo.gloria.Procurement.ToProcurePageTest"/>
  <testcase name="GetToProcureProcureLinesTest" time="0.376" classname="com.volvo.gloria.Procurement.ToProcurePageTest"/>
  <testcase name="GetToProcureTableHeaderTest" time="0.404" classname="com.volvo.gloria.Procurement.ToProcurePageTest"/>
  <testcase name="GetToProcureTableHeaderTest" time="0.545" classname="com.volvo.gloria.Procurement.ToProcurePageTest"/>
  <testcase name="GetToProcureTableHeaderTest" time="0.385" classname="com.volvo.gloria.Procurement.ToProcurePageTest"/>
  <testcase name="GetToProcureTableHeaderTest" time="0.401" classname="com.volvo.gloria.Procurement.ToProcurePageTest"/>
  <testcase name="GetToProcureTableHeaderTest" time="0.711" classname="com.volvo.gloria.Procurement.ToProcurePageTest"/>
  <testcase name="GetToProcureTableHeaderTest" time="0.401" classname="com.volvo.gloria.Procurement.ToProcurePageTest"/>
  <testcase name="GetToProcureTableHeaderTest" time="0.404" classname="com.volvo.gloria.Procurement.ToProcurePageTest"/>
  <testcase name="GetToProcureTableHeaderTest" time="0.429" classname="com.volvo.gloria.Procurement.ToProcurePageTest"/>
  <testcase name="GetToProcureTableHeaderTest" time="0.492" classname="com.volvo.gloria.Procurement.ToProcurePageTest"/>
  <testcase name="GetToProcureTableHeaderTest" time="0.41" classname="com.volvo.gloria.Procurement.ToProcurePageTest"/>
  <testcase name="GetToProcureTeamsTest" time="0.68" classname="com.volvo.gloria.Procurement.ToProcurePageTest">
    <failure type="java.lang.NullPointerException">
      <![CDATA[java.lang.NullPointerException
at java.lang.String.contains(String.java:2133)
at com.volvo.gloria.Procurement.ToProcurePageTest.GetToProcureTeamsTest(ToProcurePageTest.java:59)
... Removed 25 stack frames]]>
    </failure>
  </testcase> <!-- GetToProcureTeamsTest -->
  <testcase name="GetToProcureTeamsTest" time="0.548" classname="com.volvo.gloria.Procurement.ToProcurePageTest">
    <failure type="java.lang.NullPointerException">
      <![CDATA[java.lang.NullPointerException
at java.lang.String.contains(String.java:2133)
at com.volvo.gloria.Procurement.ToProcurePageTest.GetToProcureTeamsTest(ToProcurePageTest.java:59)
... Removed 25 stack frames]]>
    </failure>
  </testcase> <!-- GetToProcureTeamsTest -->
  <testcase name="GetToProcureTeamsTest" time="0.661" classname="com.volvo.gloria.Procurement.ToProcurePageTest">
    <failure type="java.lang.NullPointerException">
      <![CDATA[java.lang.NullPointerException
at java.lang.String.contains(String.java:2133)
at com.volvo.gloria.Procurement.ToProcurePageTest.GetToProcureTeamsTest(ToProcurePageTest.java:59)
... Removed 25 stack frames]]>
    </failure>
  </testcase> <!-- GetToProcureTeamsTest -->
  <testcase name="GetToProcureTeamsTest" time="0.596" classname="com.volvo.gloria.Procurement.ToProcurePageTest">
    <failure type="java.lang.NullPointerException">
      <![CDATA[java.lang.NullPointerException
at java.lang.String.contains(String.java:2133)
at com.volvo.gloria.Procurement.ToProcurePageTest.GetToProcureTeamsTest(ToProcurePageTest.java:59)
... Removed 25 stack frames]]>
    </failure>
  </testcase> <!-- GetToProcureTeamsTest -->
  <testcase name="GetToProcureTeamsTest" time="1.433" classname="com.volvo.gloria.Procurement.ToProcurePageTest">
    <failure type="java.lang.NullPointerException">
      <![CDATA[java.lang.NullPointerException
at java.lang.String.contains(String.java:2133)
at com.volvo.gloria.Procurement.ToProcurePageTest.GetToProcureTeamsTest(ToProcurePageTest.java:59)
... Removed 25 stack frames]]>
    </failure>
  </testcase> <!-- GetToProcureTeamsTest -->
  <testcase name="GetToProcureTeamsTest" time="1.033" classname="com.volvo.gloria.Procurement.ToProcurePageTest">
    <failure type="java.lang.NullPointerException">
      <![CDATA[java.lang.NullPointerException
at java.lang.String.contains(String.java:2133)
at com.volvo.gloria.Procurement.ToProcurePageTest.GetToProcureTeamsTest(ToProcurePageTest.java:59)
... Removed 25 stack frames]]>
    </failure>
  </testcase> <!-- GetToProcureTeamsTest -->
  <testcase name="GetToProcureTeamsTest" time="1.151" classname="com.volvo.gloria.Procurement.ToProcurePageTest">
    <failure type="java.lang.NullPointerException">
      <![CDATA[java.lang.NullPointerException
at java.lang.String.contains(String.java:2133)
at com.volvo.gloria.Procurement.ToProcurePageTest.GetToProcureTeamsTest(ToProcurePageTest.java:59)
... Removed 25 stack frames]]>
    </failure>
  </testcase> <!-- GetToProcureTeamsTest -->
  <testcase name="GetToProcureTeamsTest" time="0.748" classname="com.volvo.gloria.Procurement.ToProcurePageTest">
    <failure type="java.lang.NullPointerException">
      <![CDATA[java.lang.NullPointerException
at java.lang.String.contains(String.java:2133)
at com.volvo.gloria.Procurement.ToProcurePageTest.GetToProcureTeamsTest(ToProcurePageTest.java:59)
... Removed 25 stack frames]]>
    </failure>
  </testcase> <!-- GetToProcureTeamsTest -->
  <testcase name="GetToProcureTeamsTest" time="0.634" classname="com.volvo.gloria.Procurement.ToProcurePageTest">
    <failure type="java.lang.NullPointerException">
      <![CDATA[java.lang.NullPointerException
at java.lang.String.contains(String.java:2133)
at com.volvo.gloria.Procurement.ToProcurePageTest.GetToProcureTeamsTest(ToProcurePageTest.java:59)
... Removed 25 stack frames]]>
    </failure>
  </testcase> <!-- GetToProcureTeamsTest -->
  <testcase name="GetToProcureTeamsTest" time="0.903" classname="com.volvo.gloria.Procurement.ToProcurePageTest">
    <failure type="java.lang.NullPointerException">
      <![CDATA[java.lang.NullPointerException
at java.lang.String.contains(String.java:2133)
at com.volvo.gloria.Procurement.ToProcurePageTest.GetToProcureTeamsTest(ToProcurePageTest.java:59)
... Removed 25 stack frames]]>
    </failure>
  </testcase> <!-- GetToProcureTeamsTest -->
  <testcase name="GETMaterialfromProcurelinesTest" time="0.0" classname="com.volvo.gloria.Procurement.ToProcurePageTest">
    <skipped/>
  </testcase> <!-- GETMaterialfromProcurelinesTest -->
  <testcase name="POSTMaterialfromProcurelinesTest" time="0.0" classname="com.volvo.gloria.Procurement.ToProcurePageTest">
    <skipped/>
  </testcase> <!-- POSTMaterialfromProcurelinesTest -->
  <testcase name="POSTProcurementTest" time="0.0" classname="com.volvo.gloria.Procurement.ToProcurePageTest">
    <skipped/>
  </testcase> <!-- POSTProcurementTest -->
  <testcase name="GETProcureLineDetailsTest" time="0.815" classname="com.volvo.gloria.Procurement.GetProcureDetailsTest">
    <failure type="java.lang.AssertionError" message="1 expectation failed.
Expected status code &amp;lt;200&amp;gt; but was &amp;lt;500&amp;gt;.
">
      <![CDATA[java.lang.AssertionError: 1 expectation failed.
Expected status code <200> but was <500>.

at org.codehaus.groovy.runtime.callsite.ConstructorSite$ConstructorSiteNoUnwrap.callConstructor(ConstructorSite.java:84)
at org.codehaus.groovy.runtime.callsite.AbstractCallSite.callConstructor(AbstractCallSite.java:249)
at io.restassured.internal.ResponseSpecificationImpl$HamcrestAssertionClosure.validate(ResponseSpecificationImpl.groovy:493)
at io.restassured.internal.ResponseSpecificationImpl$HamcrestAssertionClosure$validate$1.call(Unknown Source)
at io.restassured.internal.ResponseSpecificationImpl.validateResponseIfRequired(ResponseSpecificationImpl.groovy:674)
at org.codehaus.groovy.runtime.callsite.PlainObjectMetaMethodSite.doInvoke(PlainObjectMetaMethodSite.java:43)
at org.codehaus.groovy.runtime.callsite.PogoMetaMethodSite$PogoCachedMethodSiteNoUnwrapNoCoerce.invoke(PogoMetaMethodSite.java:190)
at org.codehaus.groovy.runtime.callsite.PogoMetaMethodSite.callCurrent(PogoMetaMethodSite.java:58)
at org.codehaus.groovy.runtime.callsite.AbstractCallSite.callCurrent(AbstractCallSite.java:168)
at io.restassured.internal.ResponseSpecificationImpl.statusCode(ResponseSpecificationImpl.groovy:126)
at io.restassured.specification.ResponseSpecification$statusCode$0.callCurrent(Unknown Source)
at io.restassured.internal.ResponseSpecificationImpl.statusCode(ResponseSpecificationImpl.groovy:134)
at io.restassured.internal.ValidatableResponseOptionsImpl.statusCode(ValidatableResponseOptionsImpl.java:89)
at io.restassured.internal.ValidatableResponseImpl.super$2$statusCode(ValidatableResponseImpl.groovy)
at groovy.lang.MetaMethod.doMethodInvoke(MetaMethod.java:323)
at groovy.lang.MetaClassImpl.invokeMethod(MetaClassImpl.java:1217)
at org.codehaus.groovy.runtime.ScriptBytecodeAdapter.invokeMethodOnSuperN(ScriptBytecodeAdapter.java:144)
at io.restassured.internal.ValidatableResponseImpl.statusCode(ValidatableResponseImpl.groovy:142)
at io.restassured.internal.ValidatableResponseImpl.statusCode(ValidatableResponseImpl.groovy)
at com.volvo.gloria.Procurement.GetProcureDetailsTest.GETProcureLineDetailsTest(GetProcureDetailsTest.java:189)
... Removed 38 stack frames]]>
    </failure>
  </testcase> <!-- GETProcureLineDetailsTest -->
  <testcase name="GetCurrencyTest" time="0.366" classname="com.volvo.gloria.Procurement.GetProcureDetailsTest"/>
  <testcase name="GetCurrentBuyer" time="0.354" classname="com.volvo.gloria.Procurement.GetProcureDetailsTest"/>
  <testcase name="GetInternalOrderSAPTest" time="0.363" classname="com.volvo.gloria.Procurement.GetProcureDetailsTest"/>
  <testcase name="GetProcureDetailsCompanyCodeTest" time="0.356" classname="com.volvo.gloria.Procurement.GetProcureDetailsTest"/>
  <testcase name="GetProcureDetailsCompanyCodeTest" time="0.37" classname="com.volvo.gloria.Procurement.GetProcureDetailsTest"/>
  <testcase name="GetProcureDetailsCompanyCodeTest" time="0.365" classname="com.volvo.gloria.Procurement.GetProcureDetailsTest"/>
  <testcase name="GetProcureDetailsCompanyCodeTest" time="0.378" classname="com.volvo.gloria.Procurement.GetProcureDetailsTest"/>
  <testcase name="GetProcureDetailsCompanyCodeTest" time="0.369" classname="com.volvo.gloria.Procurement.GetProcureDetailsTest"/>
  <testcase name="GetProcureDetailsCompanyCodeTest" time="0.357" classname="com.volvo.gloria.Procurement.GetProcureDetailsTest"/>
  <testcase name="GetProcureDetailsCompanyCodeTest" time="0.364" classname="com.volvo.gloria.Procurement.GetProcureDetailsTest"/>
  <testcase name="GetProcureDetailsCompanyCodeTest" time="0.357" classname="com.volvo.gloria.Procurement.GetProcureDetailsTest"/>
  <testcase name="GetProcureDetailsCompanyCodeTest" time="0.366" classname="com.volvo.gloria.Procurement.GetProcureDetailsTest"/>
  <testcase name="GetProcureDetailsCompanyCodeTest" time="0.387" classname="com.volvo.gloria.Procurement.GetProcureDetailsTest"/>
  <testcase name="GetProcureDetailsCostCentersTest" time="0.387" classname="com.volvo.gloria.Procurement.GetProcureDetailsTest"/>
  <testcase name="GetProcureDetailsCostCentersTest" time="0.354" classname="com.volvo.gloria.Procurement.GetProcureDetailsTest"/>
  <testcase name="GetProcureDetailsCostCentersTest" time="0.357" classname="com.volvo.gloria.Procurement.GetProcureDetailsTest"/>
  <testcase name="GetProcureDetailsCostCentersTest" time="0.359" classname="com.volvo.gloria.Procurement.GetProcureDetailsTest"/>
  <testcase name="GetProcureDetailsCostCentersTest" time="0.373" classname="com.volvo.gloria.Procurement.GetProcureDetailsTest"/>
  <testcase name="GetProcureDetailsCostCentersTest" time="0.372" classname="com.volvo.gloria.Procurement.GetProcureDetailsTest"/>
  <testcase name="GetProcureDetailsCostCentersTest" time="0.358" classname="com.volvo.gloria.Procurement.GetProcureDetailsTest"/>
  <testcase name="GetProcureDetailsCostCentersTest" time="0.354" classname="com.volvo.gloria.Procurement.GetProcureDetailsTest"/>
  <testcase name="GetProcureDetailsCostCentersTest" time="0.365" classname="com.volvo.gloria.Procurement.GetProcureDetailsTest"/>
  <testcase name="GetProcureDetailsCostCentersTest" time="0.386" classname="com.volvo.gloria.Procurement.GetProcureDetailsTest"/>
  <testcase name="GetProcureDetailsGLAccountsTest" time="0.461" classname="com.volvo.gloria.Procurement.GetProcureDetailsTest"/>
  <testcase name="GetProcureDetailsGLAccountsTest" time="0.391" classname="com.volvo.gloria.Procurement.GetProcureDetailsTest"/>
  <testcase name="GetProcureDetailsGLAccountsTest" time="0.401" classname="com.volvo.gloria.Procurement.GetProcureDetailsTest"/>
  <testcase name="GetProcureDetailsGLAccountsTest" time="0.395" classname="com.volvo.gloria.Procurement.GetProcureDetailsTest"/>
  <testcase name="GetProcureDetailsGLAccountsTest" time="0.4" classname="com.volvo.gloria.Procurement.GetProcureDetailsTest"/>
  <testcase name="GetProcureDetailsGLAccountsTest" time="0.407" classname="com.volvo.gloria.Procurement.GetProcureDetailsTest"/>
  <testcase name="GetProcureDetailsGLAccountsTest" time="0.392" classname="com.volvo.gloria.Procurement.GetProcureDetailsTest"/>
  <testcase name="GetProcureDetailsGLAccountsTest" time="0.442" classname="com.volvo.gloria.Procurement.GetProcureDetailsTest"/>
  <testcase name="GetProcureDetailsGLAccountsTest" time="0.417" classname="com.volvo.gloria.Procurement.GetProcureDetailsTest"/>
  <testcase name="GetProcureDetailsGLAccountsTest" time="0.408" classname="com.volvo.gloria.Procurement.GetProcureDetailsTest"/>
  <testcase name="GetProcureDetailsPurchaseOrgTest" time="0.394" classname="com.volvo.gloria.Procurement.GetProcureDetailsTest"/>
  <testcase name="GetProcureDetailsSupplierCounterPartsTest" time="0.399" classname="com.volvo.gloria.Procurement.GetProcureDetailsTest"/>
  <testcase name="GetProcureDetailsSupplierCounterPartsTest" time="0.402" classname="com.volvo.gloria.Procurement.GetProcureDetailsTest"/>
  <testcase name="GetProcureDetailsSupplierCounterPartsTest" time="0.4" classname="com.volvo.gloria.Procurement.GetProcureDetailsTest"/>
  <testcase name="GetProcureDetailsSupplierCounterPartsTest" time="0.395" classname="com.volvo.gloria.Procurement.GetProcureDetailsTest"/>
  <testcase name="GetProcureDetailsSupplierCounterPartsTest" time="0.412" classname="com.volvo.gloria.Procurement.GetProcureDetailsTest"/>
  <testcase name="GetProcureDetailsSupplierCounterPartsTest" time="0.398" classname="com.volvo.gloria.Procurement.GetProcureDetailsTest"/>
  <testcase name="GetProcureDetailsSupplierCounterPartsTest" time="0.392" classname="com.volvo.gloria.Procurement.GetProcureDetailsTest"/>
  <testcase name="GetProcureDetailsSupplierCounterPartsTest" time="0.402" classname="com.volvo.gloria.Procurement.GetProcureDetailsTest"/>
  <testcase name="GetProcureDetailsSupplierCounterPartsTest" time="0.394" classname="com.volvo.gloria.Procurement.GetProcureDetailsTest"/>
  <testcase name="GetProcureDetailsSupplierCounterPartsTest" time="0.551" classname="com.volvo.gloria.Procurement.GetProcureDetailsTest"/>
  <testcase name="GetProcureDetailsWBSElementsTest" time="0.413" classname="com.volvo.gloria.Procurement.GetProcureDetailsTest"/>
  <testcase name="GetProcureDetailsWBSElementsTest" time="0.398" classname="com.volvo.gloria.Procurement.GetProcureDetailsTest"/>
  <testcase name="GetProcureDetailsWBSElementsTest" time="0.412" classname="com.volvo.gloria.Procurement.GetProcureDetailsTest"/>
  <testcase name="GetProcureDetailsWBSElementsTest" time="0.414" classname="com.volvo.gloria.Procurement.GetProcureDetailsTest"/>
  <testcase name="GetProcureDetailsWBSElementsTest" time="0.396" classname="com.volvo.gloria.Procurement.GetProcureDetailsTest"/>
  <testcase name="GetProcureDetailsWBSElementsTest" time="0.396" classname="com.volvo.gloria.Procurement.GetProcureDetailsTest"/>
  <testcase name="GetProcureDetailsWBSElementsTest" time="0.401" classname="com.volvo.gloria.Procurement.GetProcureDetailsTest"/>
  <testcase name="GetProcureDetailsWBSElementsTest" time="0.401" classname="com.volvo.gloria.Procurement.GetProcureDetailsTest"/>
  <testcase name="GetProcureDetailsWBSElementsTest" time="0.418" classname="com.volvo.gloria.Procurement.GetProcureDetailsTest"/>
  <testcase name="GetProcureDetailsWBSElementsTest" time="0.396" classname="com.volvo.gloria.Procurement.GetProcureDetailsTest"/>
  <testcase name="GetProcureDetailsWarehousesTest" time="0.505" classname="com.volvo.gloria.Procurement.GetProcureDetailsTest"/>
  <testcase name="GetProcuredLinesTest" time="0.497" classname="com.volvo.gloria.Procurement.GetProcuredTest"/>
  <testcase name="GetProcuredLinesTest" time="0.483" classname="com.volvo.gloria.Procurement.GetProcuredTest"/>
  <testcase name="GetProcuredLinesTest" time="0.593" classname="com.volvo.gloria.Procurement.GetProcuredTest"/>
  <testcase name="GetProcuredLinesTest" time="0.462" classname="com.volvo.gloria.Procurement.GetProcuredTest"/>
  <testcase name="GetProcuredLinesTest" time="0.451" classname="com.volvo.gloria.Procurement.GetProcuredTest"/>
  <testcase name="GetProcuredLinesTest" time="0.433" classname="com.volvo.gloria.Procurement.GetProcuredTest"/>
  <testcase name="GetProcuredLinesTest" time="0.366" classname="com.volvo.gloria.Procurement.GetProcuredTest"/>
  <testcase name="GetProcuredLinesTest" time="0.354" classname="com.volvo.gloria.Procurement.GetProcuredTest"/>
  <testcase name="GetProcuredLinesTest" time="0.516" classname="com.volvo.gloria.Procurement.GetProcuredTest"/>
  <testcase name="GetProcuredLinesTest" time="0.37" classname="com.volvo.gloria.Procurement.GetProcuredTest"/>
  <testcase name="GetDangerousGoodsTest" time="0.35" classname="com.volvo.gloria.Procurement.GetProcuredDetailsTest"/>
  <testcase name="GetQualityDocumentsTest" time="0.348" classname="com.volvo.gloria.Procurement.GetProcuredDetailsTest"/>
  <testcase name="GetUsageReplacedMaterialsTest" time="0.36" classname="com.volvo.gloria.Procurement.GetModificationTest"/>
  <testcase name="GetUsageReplacedMaterialsTest" time="0.354" classname="com.volvo.gloria.Procurement.GetModificationTest"/>
  <testcase name="GetUsageReplacedMaterialsTest" time="0.379" classname="com.volvo.gloria.Procurement.GetModificationTest"/>
  <testcase name="GetUsageReplacedMaterialsTest" time="0.363" classname="com.volvo.gloria.Procurement.GetModificationTest"/>
  <testcase name="GetUsageReplacedMaterialsTest" time="0.372" classname="com.volvo.gloria.Procurement.GetModificationTest"/>
  <testcase name="GetUsageReplacedMaterialsTest" time="0.525" classname="com.volvo.gloria.Procurement.GetModificationTest"/>
  <testcase name="GetUsageReplacedMaterialsTest" time="0.376" classname="com.volvo.gloria.Procurement.GetModificationTest"/>
  <testcase name="GetUsageReplacedMaterialsTest" time="0.51" classname="com.volvo.gloria.Procurement.GetModificationTest"/>
  <testcase name="GetUsageReplacedMaterialsTest" time="0.368" classname="com.volvo.gloria.Procurement.GetModificationTest"/>
  <testcase name="GetUsageReplacedMaterialsTest" time="0.39" classname="com.volvo.gloria.Procurement.GetModificationTest"/>
  <testcase name="GetChangeProcurementTest" time="0.413" classname="com.volvo.gloria.Procurement.GetChangeTest"/>
  <testcase name="GetChangeProcurementTest" time="0.39" classname="com.volvo.gloria.Procurement.GetChangeTest"/>
  <testcase name="GetChangeProcurementTest" time="0.383" classname="com.volvo.gloria.Procurement.GetChangeTest"/>
  <testcase name="GetChangeProcurementTest" time="0.415" classname="com.volvo.gloria.Procurement.GetChangeTest"/>
  <testcase name="GetChangeProcurementTest" time="0.529" classname="com.volvo.gloria.Procurement.GetChangeTest"/>
  <testcase name="GetChangeProcurementTest" time="0.4" classname="com.volvo.gloria.Procurement.GetChangeTest"/>
  <testcase name="GetChangeProcurementTest" time="0.563" classname="com.volvo.gloria.Procurement.GetChangeTest"/>
  <testcase name="GetChangeProcurementTest" time="0.48" classname="com.volvo.gloria.Procurement.GetChangeTest"/>
  <testcase name="GetChangeProcurementTest" time="0.477" classname="com.volvo.gloria.Procurement.GetChangeTest"/>
  <testcase name="GetChangeProcurementTest" time="0.53" classname="com.volvo.gloria.Procurement.GetChangeTest"/>
  <testcase name="GETProcurementAlarmQtyOrderLevelLines" time="1.529" classname="com.volvo.gloria.Procurement.AlarmQtyTest"/>
  <testcase name="GETProcurementAlarmQtyOrderLevelLines" time="0.725" classname="com.volvo.gloria.Procurement.AlarmQtyTest"/>
  <testcase name="GETProcurementAlarmQtyOrderLevelLines" time="0.716" classname="com.volvo.gloria.Procurement.AlarmQtyTest"/>
  <testcase name="GETProcurementAlarmQtyOrderLevelLines" time="0.71" classname="com.volvo.gloria.Procurement.AlarmQtyTest"/>
  <testcase name="GETProcurementAlarmQtyOrderLevelLines" time="0.712" classname="com.volvo.gloria.Procurement.AlarmQtyTest"/>
  <testcase name="GETProcurementAlarmQtyOrderLevelLines" time="0.699" classname="com.volvo.gloria.Procurement.AlarmQtyTest"/>
  <testcase name="GETProcurementAlarmQtyOrderLevelLines" time="0.763" classname="com.volvo.gloria.Procurement.AlarmQtyTest"/>
  <testcase name="GETProcurementAlarmQtyOrderLevelLines" time="0.763" classname="com.volvo.gloria.Procurement.AlarmQtyTest"/>
  <testcase name="GETProcurementAlarmQtyOrderLevelLines" time="0.813" classname="com.volvo.gloria.Procurement.AlarmQtyTest"/>
  <testcase name="GETProcurementAlarmQtyOrderLevelLines" time="0.845" classname="com.volvo.gloria.Procurement.AlarmQtyTest"/>
  <testcase name="GETProcurementAlarmQtyStockBalanceLines" time="0.359" classname="com.volvo.gloria.Procurement.AlarmQtyTest">
    <failure type="java.lang.AssertionError" message="1 expectation failed.
Expected status code &amp;lt;200&amp;gt; but was &amp;lt;204&amp;gt;.
">
      <![CDATA[java.lang.AssertionError: 1 expectation failed.
Expected status code <200> but was <204>.

at org.codehaus.groovy.runtime.callsite.ConstructorSite$ConstructorSiteNoUnwrap.callConstructor(ConstructorSite.java:84)
at org.codehaus.groovy.runtime.callsite.AbstractCallSite.callConstructor(AbstractCallSite.java:249)
at io.restassured.internal.ResponseSpecificationImpl$HamcrestAssertionClosure.validate(ResponseSpecificationImpl.groovy:493)
at io.restassured.internal.ResponseSpecificationImpl$HamcrestAssertionClosure$validate$1.call(Unknown Source)
at io.restassured.internal.ResponseSpecificationImpl.validateResponseIfRequired(ResponseSpecificationImpl.groovy:674)
at org.codehaus.groovy.runtime.callsite.PlainObjectMetaMethodSite.doInvoke(PlainObjectMetaMethodSite.java:43)
at org.codehaus.groovy.runtime.callsite.PogoMetaMethodSite$PogoCachedMethodSiteNoUnwrapNoCoerce.invoke(PogoMetaMethodSite.java:190)
at org.codehaus.groovy.runtime.callsite.PogoMetaMethodSite.callCurrent(PogoMetaMethodSite.java:58)
at org.codehaus.groovy.runtime.callsite.AbstractCallSite.callCurrent(AbstractCallSite.java:168)
at io.restassured.internal.ResponseSpecificationImpl.statusCode(ResponseSpecificationImpl.groovy:126)
at io.restassured.specification.ResponseSpecification$statusCode$0.callCurrent(Unknown Source)
at io.restassured.internal.ResponseSpecificationImpl.statusCode(ResponseSpecificationImpl.groovy:134)
at io.restassured.internal.ValidatableResponseOptionsImpl.statusCode(ValidatableResponseOptionsImpl.java:89)
at io.restassured.internal.ValidatableResponseImpl.super$2$statusCode(ValidatableResponseImpl.groovy)
at groovy.lang.MetaMethod.doMethodInvoke(MetaMethod.java:323)
at groovy.lang.MetaClassImpl.invokeMethod(MetaClassImpl.java:1217)
at org.codehaus.groovy.runtime.ScriptBytecodeAdapter.invokeMethodOnSuperN(ScriptBytecodeAdapter.java:144)
at io.restassured.internal.ValidatableResponseImpl.statusCode(ValidatableResponseImpl.groovy:142)
at io.restassured.internal.ValidatableResponseImpl.statusCode(ValidatableResponseImpl.groovy)
at com.volvo.gloria.Procurement.AlarmQtyTest.GETProcurementAlarmQtyStockBalanceLines(AlarmQtyTest.java:42)
... Removed 38 stack frames]]>
    </failure>
  </testcase> <!-- GETProcurementAlarmQtyStockBalanceLines -->
  <testcase name="GETProcurementAlarmQtyStockBalanceLines" time="0.355" classname="com.volvo.gloria.Procurement.AlarmQtyTest">
    <failure type="java.lang.AssertionError" message="1 expectation failed.
Expected status code &amp;lt;200&amp;gt; but was &amp;lt;204&amp;gt;.
">
      <![CDATA[java.lang.AssertionError: 1 expectation failed.
Expected status code <200> but was <204>.

at org.codehaus.groovy.runtime.callsite.ConstructorSite$ConstructorSiteNoUnwrap.callConstructor(ConstructorSite.java:84)
at org.codehaus.groovy.runtime.callsite.AbstractCallSite.callConstructor(AbstractCallSite.java:249)
at io.restassured.internal.ResponseSpecificationImpl$HamcrestAssertionClosure.validate(ResponseSpecificationImpl.groovy:493)
at io.restassured.internal.ResponseSpecificationImpl$HamcrestAssertionClosure$validate$1.call(Unknown Source)
at io.restassured.internal.ResponseSpecificationImpl.validateResponseIfRequired(ResponseSpecificationImpl.groovy:674)
at org.codehaus.groovy.runtime.callsite.PlainObjectMetaMethodSite.doInvoke(PlainObjectMetaMethodSite.java:43)
at org.codehaus.groovy.runtime.callsite.PogoMetaMethodSite$PogoCachedMethodSiteNoUnwrapNoCoerce.invoke(PogoMetaMethodSite.java:190)
at org.codehaus.groovy.runtime.callsite.PogoMetaMethodSite.callCurrent(PogoMetaMethodSite.java:58)
at org.codehaus.groovy.runtime.callsite.AbstractCallSite.callCurrent(AbstractCallSite.java:168)
at io.restassured.internal.ResponseSpecificationImpl.statusCode(ResponseSpecificationImpl.groovy:126)
at io.restassured.specification.ResponseSpecification$statusCode$0.callCurrent(Unknown Source)
at io.restassured.internal.ResponseSpecificationImpl.statusCode(ResponseSpecificationImpl.groovy:134)
at io.restassured.internal.ValidatableResponseOptionsImpl.statusCode(ValidatableResponseOptionsImpl.java:89)
at io.restassured.internal.ValidatableResponseImpl.super$2$statusCode(ValidatableResponseImpl.groovy)
at groovy.lang.MetaMethod.doMethodInvoke(MetaMethod.java:323)
at groovy.lang.MetaClassImpl.invokeMethod(MetaClassImpl.java:1217)
at org.codehaus.groovy.runtime.ScriptBytecodeAdapter.invokeMethodOnSuperN(ScriptBytecodeAdapter.java:144)
at io.restassured.internal.ValidatableResponseImpl.statusCode(ValidatableResponseImpl.groovy:142)
at io.restassured.internal.ValidatableResponseImpl.statusCode(ValidatableResponseImpl.groovy)
at com.volvo.gloria.Procurement.AlarmQtyTest.GETProcurementAlarmQtyStockBalanceLines(AlarmQtyTest.java:42)
... Removed 38 stack frames]]>
    </failure>
  </testcase> <!-- GETProcurementAlarmQtyStockBalanceLines -->
  <testcase name="GETProcurementAlarmQtyStockBalanceLines" time="0.352" classname="com.volvo.gloria.Procurement.AlarmQtyTest">
    <failure type="java.lang.AssertionError" message="1 expectation failed.
Expected status code &amp;lt;200&amp;gt; but was &amp;lt;204&amp;gt;.
">
      <![CDATA[java.lang.AssertionError: 1 expectation failed.
Expected status code <200> but was <204>.

at org.codehaus.groovy.runtime.callsite.ConstructorSite$ConstructorSiteNoUnwrap.callConstructor(ConstructorSite.java:84)
at org.codehaus.groovy.runtime.callsite.AbstractCallSite.callConstructor(AbstractCallSite.java:249)
at io.restassured.internal.ResponseSpecificationImpl$HamcrestAssertionClosure.validate(ResponseSpecificationImpl.groovy:493)
at io.restassured.internal.ResponseSpecificationImpl$HamcrestAssertionClosure$validate$1.call(Unknown Source)
at io.restassured.internal.ResponseSpecificationImpl.validateResponseIfRequired(ResponseSpecificationImpl.groovy:674)
at org.codehaus.groovy.runtime.callsite.PlainObjectMetaMethodSite.doInvoke(PlainObjectMetaMethodSite.java:43)
at org.codehaus.groovy.runtime.callsite.PogoMetaMethodSite$PogoCachedMethodSiteNoUnwrapNoCoerce.invoke(PogoMetaMethodSite.java:190)
at org.codehaus.groovy.runtime.callsite.PogoMetaMethodSite.callCurrent(PogoMetaMethodSite.java:58)
at org.codehaus.groovy.runtime.callsite.AbstractCallSite.callCurrent(AbstractCallSite.java:168)
at io.restassured.internal.ResponseSpecificationImpl.statusCode(ResponseSpecificationImpl.groovy:126)
at io.restassured.specification.ResponseSpecification$statusCode$0.callCurrent(Unknown Source)
at io.restassured.internal.ResponseSpecificationImpl.statusCode(ResponseSpecificationImpl.groovy:134)
at io.restassured.internal.ValidatableResponseOptionsImpl.statusCode(ValidatableResponseOptionsImpl.java:89)
at io.restassured.internal.ValidatableResponseImpl.super$2$statusCode(ValidatableResponseImpl.groovy)
at groovy.lang.MetaMethod.doMethodInvoke(MetaMethod.java:323)
at groovy.lang.MetaClassImpl.invokeMethod(MetaClassImpl.java:1217)
at org.codehaus.groovy.runtime.ScriptBytecodeAdapter.invokeMethodOnSuperN(ScriptBytecodeAdapter.java:144)
at io.restassured.internal.ValidatableResponseImpl.statusCode(ValidatableResponseImpl.groovy:142)
at io.restassured.internal.ValidatableResponseImpl.statusCode(ValidatableResponseImpl.groovy)
at com.volvo.gloria.Procurement.AlarmQtyTest.GETProcurementAlarmQtyStockBalanceLines(AlarmQtyTest.java:42)
... Removed 38 stack frames]]>
    </failure>
  </testcase> <!-- GETProcurementAlarmQtyStockBalanceLines -->
  <testcase name="GETProcurementAlarmQtyStockBalanceLines" time="0.363" classname="com.volvo.gloria.Procurement.AlarmQtyTest">
    <failure type="java.lang.AssertionError" message="1 expectation failed.
Expected status code &amp;lt;200&amp;gt; but was &amp;lt;204&amp;gt;.
">
      <![CDATA[java.lang.AssertionError: 1 expectation failed.
Expected status code <200> but was <204>.

at org.codehaus.groovy.runtime.callsite.ConstructorSite$ConstructorSiteNoUnwrap.callConstructor(ConstructorSite.java:84)
at org.codehaus.groovy.runtime.callsite.AbstractCallSite.callConstructor(AbstractCallSite.java:249)
at io.restassured.internal.ResponseSpecificationImpl$HamcrestAssertionClosure.validate(ResponseSpecificationImpl.groovy:493)
at io.restassured.internal.ResponseSpecificationImpl$HamcrestAssertionClosure$validate$1.call(Unknown Source)
at io.restassured.internal.ResponseSpecificationImpl.validateResponseIfRequired(ResponseSpecificationImpl.groovy:674)
at org.codehaus.groovy.runtime.callsite.PlainObjectMetaMethodSite.doInvoke(PlainObjectMetaMethodSite.java:43)
at org.codehaus.groovy.runtime.callsite.PogoMetaMethodSite$PogoCachedMethodSiteNoUnwrapNoCoerce.invoke(PogoMetaMethodSite.java:190)
at org.codehaus.groovy.runtime.callsite.PogoMetaMethodSite.callCurrent(PogoMetaMethodSite.java:58)
at org.codehaus.groovy.runtime.callsite.AbstractCallSite.callCurrent(AbstractCallSite.java:168)
at io.restassured.internal.ResponseSpecificationImpl.statusCode(ResponseSpecificationImpl.groovy:126)
at io.restassured.specification.ResponseSpecification$statusCode$0.callCurrent(Unknown Source)
at io.restassured.internal.ResponseSpecificationImpl.statusCode(ResponseSpecificationImpl.groovy:134)
at io.restassured.internal.ValidatableResponseOptionsImpl.statusCode(ValidatableResponseOptionsImpl.java:89)
at io.restassured.internal.ValidatableResponseImpl.super$2$statusCode(ValidatableResponseImpl.groovy)
at groovy.lang.MetaMethod.doMethodInvoke(MetaMethod.java:323)
at groovy.lang.MetaClassImpl.invokeMethod(MetaClassImpl.java:1217)
at org.codehaus.groovy.runtime.ScriptBytecodeAdapter.invokeMethodOnSuperN(ScriptBytecodeAdapter.java:144)
at io.restassured.internal.ValidatableResponseImpl.statusCode(ValidatableResponseImpl.groovy:142)
at io.restassured.internal.ValidatableResponseImpl.statusCode(ValidatableResponseImpl.groovy)
at com.volvo.gloria.Procurement.AlarmQtyTest.GETProcurementAlarmQtyStockBalanceLines(AlarmQtyTest.java:42)
... Removed 38 stack frames]]>
    </failure>
  </testcase> <!-- GETProcurementAlarmQtyStockBalanceLines -->
  <testcase name="GETProcurementAlarmQtyStockBalanceLines" time="0.359" classname="com.volvo.gloria.Procurement.AlarmQtyTest">
    <failure type="java.lang.AssertionError" message="1 expectation failed.
Expected status code &amp;lt;200&amp;gt; but was &amp;lt;204&amp;gt;.
">
      <![CDATA[java.lang.AssertionError: 1 expectation failed.
Expected status code <200> but was <204>.

at org.codehaus.groovy.runtime.callsite.ConstructorSite$ConstructorSiteNoUnwrap.callConstructor(ConstructorSite.java:84)
at org.codehaus.groovy.runtime.callsite.AbstractCallSite.callConstructor(AbstractCallSite.java:249)
at io.restassured.internal.ResponseSpecificationImpl$HamcrestAssertionClosure.validate(ResponseSpecificationImpl.groovy:493)
at io.restassured.internal.ResponseSpecificationImpl$HamcrestAssertionClosure$validate$1.call(Unknown Source)
at io.restassured.internal.ResponseSpecificationImpl.validateResponseIfRequired(ResponseSpecificationImpl.groovy:674)
at org.codehaus.groovy.runtime.callsite.PlainObjectMetaMethodSite.doInvoke(PlainObjectMetaMethodSite.java:43)
at org.codehaus.groovy.runtime.callsite.PogoMetaMethodSite$PogoCachedMethodSiteNoUnwrapNoCoerce.invoke(PogoMetaMethodSite.java:190)
at org.codehaus.groovy.runtime.callsite.PogoMetaMethodSite.callCurrent(PogoMetaMethodSite.java:58)
at org.codehaus.groovy.runtime.callsite.AbstractCallSite.callCurrent(AbstractCallSite.java:168)
at io.restassured.internal.ResponseSpecificationImpl.statusCode(ResponseSpecificationImpl.groovy:126)
at io.restassured.specification.ResponseSpecification$statusCode$0.callCurrent(Unknown Source)
at io.restassured.internal.ResponseSpecificationImpl.statusCode(ResponseSpecificationImpl.groovy:134)
at io.restassured.internal.ValidatableResponseOptionsImpl.statusCode(ValidatableResponseOptionsImpl.java:89)
at io.restassured.internal.ValidatableResponseImpl.super$2$statusCode(ValidatableResponseImpl.groovy)
at groovy.lang.MetaMethod.doMethodInvoke(MetaMethod.java:323)
at groovy.lang.MetaClassImpl.invokeMethod(MetaClassImpl.java:1217)
at org.codehaus.groovy.runtime.ScriptBytecodeAdapter.invokeMethodOnSuperN(ScriptBytecodeAdapter.java:144)
at io.restassured.internal.ValidatableResponseImpl.statusCode(ValidatableResponseImpl.groovy:142)
at io.restassured.internal.ValidatableResponseImpl.statusCode(ValidatableResponseImpl.groovy)
at com.volvo.gloria.Procurement.AlarmQtyTest.GETProcurementAlarmQtyStockBalanceLines(AlarmQtyTest.java:42)
... Removed 37 stack frames]]>
    </failure>
  </testcase> <!-- GETProcurementAlarmQtyStockBalanceLines -->
  <testcase name="GETProcurementAlarmQtyStockBalanceLines" time="0.352" classname="com.volvo.gloria.Procurement.AlarmQtyTest">
    <failure type="java.lang.AssertionError" message="1 expectation failed.
Expected status code &amp;lt;200&amp;gt; but was &amp;lt;204&amp;gt;.
">
      <![CDATA[java.lang.AssertionError: 1 expectation failed.
Expected status code <200> but was <204>.

at org.codehaus.groovy.runtime.callsite.ConstructorSite$ConstructorSiteNoUnwrap.callConstructor(ConstructorSite.java:84)
at org.codehaus.groovy.runtime.callsite.AbstractCallSite.callConstructor(AbstractCallSite.java:249)
at io.restassured.internal.ResponseSpecificationImpl$HamcrestAssertionClosure.validate(ResponseSpecificationImpl.groovy:493)
at io.restassured.internal.ResponseSpecificationImpl$HamcrestAssertionClosure$validate$1.call(Unknown Source)
at io.restassured.internal.ResponseSpecificationImpl.validateResponseIfRequired(ResponseSpecificationImpl.groovy:674)
at org.codehaus.groovy.runtime.callsite.PlainObjectMetaMethodSite.doInvoke(PlainObjectMetaMethodSite.java:43)
at org.codehaus.groovy.runtime.callsite.PogoMetaMethodSite$PogoCachedMethodSiteNoUnwrapNoCoerce.invoke(PogoMetaMethodSite.java:190)
at org.codehaus.groovy.runtime.callsite.PogoMetaMethodSite.callCurrent(PogoMetaMethodSite.java:58)
at org.codehaus.groovy.runtime.callsite.AbstractCallSite.callCurrent(AbstractCallSite.java:168)
at io.restassured.internal.ResponseSpecificationImpl.statusCode(ResponseSpecificationImpl.groovy:126)
at io.restassured.specification.ResponseSpecification$statusCode$0.callCurrent(Unknown Source)
at io.restassured.internal.ResponseSpecificationImpl.statusCode(ResponseSpecificationImpl.groovy:134)
at io.restassured.internal.ValidatableResponseOptionsImpl.statusCode(ValidatableResponseOptionsImpl.java:89)
at io.restassured.internal.ValidatableResponseImpl.super$2$statusCode(ValidatableResponseImpl.groovy)
at groovy.lang.MetaMethod.doMethodInvoke(MetaMethod.java:323)
at groovy.lang.MetaClassImpl.invokeMethod(MetaClassImpl.java:1217)
at org.codehaus.groovy.runtime.ScriptBytecodeAdapter.invokeMethodOnSuperN(ScriptBytecodeAdapter.java:144)
at io.restassured.internal.ValidatableResponseImpl.statusCode(ValidatableResponseImpl.groovy:142)
at io.restassured.internal.ValidatableResponseImpl.statusCode(ValidatableResponseImpl.groovy)
at com.volvo.gloria.Procurement.AlarmQtyTest.GETProcurementAlarmQtyStockBalanceLines(AlarmQtyTest.java:42)
... Removed 37 stack frames]]>
    </failure>
  </testcase> <!-- GETProcurementAlarmQtyStockBalanceLines -->
  <testcase name="GETProcurementAlarmQtyStockBalanceLines" time="0.373" classname="com.volvo.gloria.Procurement.AlarmQtyTest">
    <failure type="java.lang.AssertionError" message="1 expectation failed.
Expected status code &amp;lt;200&amp;gt; but was &amp;lt;204&amp;gt;.
">
      <![CDATA[java.lang.AssertionError: 1 expectation failed.
Expected status code <200> but was <204>.

at org.codehaus.groovy.runtime.callsite.ConstructorSite$ConstructorSiteNoUnwrap.callConstructor(ConstructorSite.java:84)
at org.codehaus.groovy.runtime.callsite.AbstractCallSite.callConstructor(AbstractCallSite.java:249)
at io.restassured.internal.ResponseSpecificationImpl$HamcrestAssertionClosure.validate(ResponseSpecificationImpl.groovy:493)
at io.restassured.internal.ResponseSpecificationImpl$HamcrestAssertionClosure$validate$1.call(Unknown Source)
at io.restassured.internal.ResponseSpecificationImpl.validateResponseIfRequired(ResponseSpecificationImpl.groovy:674)
at org.codehaus.groovy.runtime.callsite.PlainObjectMetaMethodSite.doInvoke(PlainObjectMetaMethodSite.java:43)
at org.codehaus.groovy.runtime.callsite.PogoMetaMethodSite$PogoCachedMethodSiteNoUnwrapNoCoerce.invoke(PogoMetaMethodSite.java:190)
at org.codehaus.groovy.runtime.callsite.PogoMetaMethodSite.callCurrent(PogoMetaMethodSite.java:58)
at org.codehaus.groovy.runtime.callsite.AbstractCallSite.callCurrent(AbstractCallSite.java:168)
at io.restassured.internal.ResponseSpecificationImpl.statusCode(ResponseSpecificationImpl.groovy:126)
at io.restassured.specification.ResponseSpecification$statusCode$0.callCurrent(Unknown Source)
at io.restassured.internal.ResponseSpecificationImpl.statusCode(ResponseSpecificationImpl.groovy:134)
at io.restassured.internal.ValidatableResponseOptionsImpl.statusCode(ValidatableResponseOptionsImpl.java:89)
at io.restassured.internal.ValidatableResponseImpl.super$2$statusCode(ValidatableResponseImpl.groovy)
at groovy.lang.MetaMethod.doMethodInvoke(MetaMethod.java:323)
at groovy.lang.MetaClassImpl.invokeMethod(MetaClassImpl.java:1217)
at org.codehaus.groovy.runtime.ScriptBytecodeAdapter.invokeMethodOnSuperN(ScriptBytecodeAdapter.java:144)
at io.restassured.internal.ValidatableResponseImpl.statusCode(ValidatableResponseImpl.groovy:142)
at io.restassured.internal.ValidatableResponseImpl.statusCode(ValidatableResponseImpl.groovy)
at com.volvo.gloria.Procurement.AlarmQtyTest.GETProcurementAlarmQtyStockBalanceLines(AlarmQtyTest.java:42)
... Removed 37 stack frames]]>
    </failure>
  </testcase> <!-- GETProcurementAlarmQtyStockBalanceLines -->
  <testcase name="GETProcurementAlarmQtyStockBalanceLines" time="0.371" classname="com.volvo.gloria.Procurement.AlarmQtyTest">
    <failure type="java.lang.AssertionError" message="1 expectation failed.
Expected status code &amp;lt;200&amp;gt; but was &amp;lt;204&amp;gt;.
">
      <![CDATA[java.lang.AssertionError: 1 expectation failed.
Expected status code <200> but was <204>.

at org.codehaus.groovy.runtime.callsite.ConstructorSite$ConstructorSiteNoUnwrap.callConstructor(ConstructorSite.java:84)
at org.codehaus.groovy.runtime.callsite.AbstractCallSite.callConstructor(AbstractCallSite.java:249)
at io.restassured.internal.ResponseSpecificationImpl$HamcrestAssertionClosure.validate(ResponseSpecificationImpl.groovy:493)
at io.restassured.internal.ResponseSpecificationImpl$HamcrestAssertionClosure$validate$1.call(Unknown Source)
at io.restassured.internal.ResponseSpecificationImpl.validateResponseIfRequired(ResponseSpecificationImpl.groovy:674)
at org.codehaus.groovy.runtime.callsite.PlainObjectMetaMethodSite.doInvoke(PlainObjectMetaMethodSite.java:43)
at org.codehaus.groovy.runtime.callsite.PogoMetaMethodSite$PogoCachedMethodSiteNoUnwrapNoCoerce.invoke(PogoMetaMethodSite.java:190)
at org.codehaus.groovy.runtime.callsite.PogoMetaMethodSite.callCurrent(PogoMetaMethodSite.java:58)
at org.codehaus.groovy.runtime.callsite.AbstractCallSite.callCurrent(AbstractCallSite.java:168)
at io.restassured.internal.ResponseSpecificationImpl.statusCode(ResponseSpecificationImpl.groovy:126)
at io.restassured.specification.ResponseSpecification$statusCode$0.callCurrent(Unknown Source)
at io.restassured.internal.ResponseSpecificationImpl.statusCode(ResponseSpecificationImpl.groovy:134)
at io.restassured.internal.ValidatableResponseOptionsImpl.statusCode(ValidatableResponseOptionsImpl.java:89)
at io.restassured.internal.ValidatableResponseImpl.super$2$statusCode(ValidatableResponseImpl.groovy)
at groovy.lang.MetaMethod.doMethodInvoke(MetaMethod.java:323)
at groovy.lang.MetaClassImpl.invokeMethod(MetaClassImpl.java:1217)
at org.codehaus.groovy.runtime.ScriptBytecodeAdapter.invokeMethodOnSuperN(ScriptBytecodeAdapter.java:144)
at io.restassured.internal.ValidatableResponseImpl.statusCode(ValidatableResponseImpl.groovy:142)
at io.restassured.internal.ValidatableResponseImpl.statusCode(ValidatableResponseImpl.groovy)
at com.volvo.gloria.Procurement.AlarmQtyTest.GETProcurementAlarmQtyStockBalanceLines(AlarmQtyTest.java:42)
... Removed 37 stack frames]]>
    </failure>
  </testcase> <!-- GETProcurementAlarmQtyStockBalanceLines -->
  <testcase name="GETProcurementAlarmQtyStockBalanceLines" time="0.359" classname="com.volvo.gloria.Procurement.AlarmQtyTest">
    <failure type="java.lang.AssertionError" message="1 expectation failed.
Expected status code &amp;lt;200&amp;gt; but was &amp;lt;204&amp;gt;.
">
      <![CDATA[java.lang.AssertionError: 1 expectation failed.
Expected status code <200> but was <204>.

at org.codehaus.groovy.runtime.callsite.ConstructorSite$ConstructorSiteNoUnwrap.callConstructor(ConstructorSite.java:84)
at org.codehaus.groovy.runtime.callsite.AbstractCallSite.callConstructor(AbstractCallSite.java:249)
at io.restassured.internal.ResponseSpecificationImpl$HamcrestAssertionClosure.validate(ResponseSpecificationImpl.groovy:493)
at io.restassured.internal.ResponseSpecificationImpl$HamcrestAssertionClosure$validate$1.call(Unknown Source)
at io.restassured.internal.ResponseSpecificationImpl.validateResponseIfRequired(ResponseSpecificationImpl.groovy:674)
at org.codehaus.groovy.runtime.callsite.PlainObjectMetaMethodSite.doInvoke(PlainObjectMetaMethodSite.java:43)
at org.codehaus.groovy.runtime.callsite.PogoMetaMethodSite$PogoCachedMethodSiteNoUnwrapNoCoerce.invoke(PogoMetaMethodSite.java:190)
at org.codehaus.groovy.runtime.callsite.PogoMetaMethodSite.callCurrent(PogoMetaMethodSite.java:58)
at org.codehaus.groovy.runtime.callsite.AbstractCallSite.callCurrent(AbstractCallSite.java:168)
at io.restassured.internal.ResponseSpecificationImpl.statusCode(ResponseSpecificationImpl.groovy:126)
at io.restassured.specification.ResponseSpecification$statusCode$0.callCurrent(Unknown Source)
at io.restassured.internal.ResponseSpecificationImpl.statusCode(ResponseSpecificationImpl.groovy:134)
at io.restassured.internal.ValidatableResponseOptionsImpl.statusCode(ValidatableResponseOptionsImpl.java:89)
at io.restassured.internal.ValidatableResponseImpl.super$2$statusCode(ValidatableResponseImpl.groovy)
at groovy.lang.MetaMethod.doMethodInvoke(MetaMethod.java:323)
at groovy.lang.MetaClassImpl.invokeMethod(MetaClassImpl.java:1217)
at org.codehaus.groovy.runtime.ScriptBytecodeAdapter.invokeMethodOnSuperN(ScriptBytecodeAdapter.java:144)
at io.restassured.internal.ValidatableResponseImpl.statusCode(ValidatableResponseImpl.groovy:142)
at io.restassured.internal.ValidatableResponseImpl.statusCode(ValidatableResponseImpl.groovy)
at com.volvo.gloria.Procurement.AlarmQtyTest.GETProcurementAlarmQtyStockBalanceLines(AlarmQtyTest.java:42)
... Removed 37 stack frames]]>
    </failure>
  </testcase> <!-- GETProcurementAlarmQtyStockBalanceLines -->
  <testcase name="GETProcurementAlarmQtyStockBalanceLines" time="0.383" classname="com.volvo.gloria.Procurement.AlarmQtyTest">
    <failure type="java.lang.AssertionError" message="1 expectation failed.
Expected status code &amp;lt;200&amp;gt; but was &amp;lt;204&amp;gt;.
">
      <![CDATA[java.lang.AssertionError: 1 expectation failed.
Expected status code <200> but was <204>.

at org.codehaus.groovy.runtime.callsite.ConstructorSite$ConstructorSiteNoUnwrap.callConstructor(ConstructorSite.java:84)
at org.codehaus.groovy.runtime.callsite.AbstractCallSite.callConstructor(AbstractCallSite.java:249)
at io.restassured.internal.ResponseSpecificationImpl$HamcrestAssertionClosure.validate(ResponseSpecificationImpl.groovy:493)
at io.restassured.internal.ResponseSpecificationImpl$HamcrestAssertionClosure$validate$1.call(Unknown Source)
at io.restassured.internal.ResponseSpecificationImpl.validateResponseIfRequired(ResponseSpecificationImpl.groovy:674)
at org.codehaus.groovy.runtime.callsite.PlainObjectMetaMethodSite.doInvoke(PlainObjectMetaMethodSite.java:43)
at org.codehaus.groovy.runtime.callsite.PogoMetaMethodSite$PogoCachedMethodSiteNoUnwrapNoCoerce.invoke(PogoMetaMethodSite.java:190)
at org.codehaus.groovy.runtime.callsite.PogoMetaMethodSite.callCurrent(PogoMetaMethodSite.java:58)
at org.codehaus.groovy.runtime.callsite.AbstractCallSite.callCurrent(AbstractCallSite.java:168)
at io.restassured.internal.ResponseSpecificationImpl.statusCode(ResponseSpecificationImpl.groovy:126)
at io.restassured.specification.ResponseSpecification$statusCode$0.callCurrent(Unknown Source)
at io.restassured.internal.ResponseSpecificationImpl.statusCode(ResponseSpecificationImpl.groovy:134)
at io.restassured.internal.ValidatableResponseOptionsImpl.statusCode(ValidatableResponseOptionsImpl.java:89)
at io.restassured.internal.ValidatableResponseImpl.super$2$statusCode(ValidatableResponseImpl.groovy)
at groovy.lang.MetaMethod.doMethodInvoke(MetaMethod.java:323)
at groovy.lang.MetaClassImpl.invokeMethod(MetaClassImpl.java:1217)
at org.codehaus.groovy.runtime.ScriptBytecodeAdapter.invokeMethodOnSuperN(ScriptBytecodeAdapter.java:144)
at io.restassured.internal.ValidatableResponseImpl.statusCode(ValidatableResponseImpl.groovy:142)
at io.restassured.internal.ValidatableResponseImpl.statusCode(ValidatableResponseImpl.groovy)
at com.volvo.gloria.Procurement.AlarmQtyTest.GETProcurementAlarmQtyStockBalanceLines(AlarmQtyTest.java:42)
... Removed 37 stack frames]]>
    </failure>
  </testcase> <!-- GETProcurementAlarmQtyStockBalanceLines -->
  <testcase name="GETZoneDetailsForWarehouse" time="0.393" classname="com.volvo.gloria.Procurement.AlarmQtyTest"/>
  <testcase name="GETZoneDetailsForWarehouse" time="0.4" classname="com.volvo.gloria.Procurement.AlarmQtyTest"/>
  <testcase name="GETZoneDetailsForWarehouse" time="0.412" classname="com.volvo.gloria.Procurement.AlarmQtyTest"/>
  <testcase name="GETZoneDetailsForWarehouse" time="0.557" classname="com.volvo.gloria.Procurement.AlarmQtyTest"/>
  <testcase name="GETZoneDetailsForWarehouse" time="0.396" classname="com.volvo.gloria.Procurement.AlarmQtyTest"/>
  <testcase name="GETZoneDetailsForWarehouse" time="0.393" classname="com.volvo.gloria.Procurement.AlarmQtyTest"/>
  <testcase name="GETZoneDetailsForWarehouse" time="0.392" classname="com.volvo.gloria.Procurement.AlarmQtyTest"/>
  <testcase name="GETZoneDetailsForWarehouse" time="0.411" classname="com.volvo.gloria.Procurement.AlarmQtyTest"/>
  <testcase name="GETZoneDetailsForWarehouse" time="0.563" classname="com.volvo.gloria.Procurement.AlarmQtyTest"/>
  <testcase name="GETZoneDetailsForWarehouse" time="0.447" classname="com.volvo.gloria.Procurement.AlarmQtyTest"/>
  <testcase name="GETZoneDetailsForWarehouse" time="0.553" classname="com.volvo.gloria.Procurement.AlarmQtyTest"/>
  <testcase name="GETZoneDetailsForWarehouse" time="0.399" classname="com.volvo.gloria.Procurement.AlarmQtyTest"/>
  <testcase name="GETZoneDetailsForWarehouse" time="0.387" classname="com.volvo.gloria.Procurement.AlarmQtyTest"/>
  <testcase name="GETZoneDetailsForWarehouse" time="0.38" classname="com.volvo.gloria.Procurement.AlarmQtyTest"/>
  <testcase name="GETZoneDetailsForWarehouse" time="0.381" classname="com.volvo.gloria.Procurement.AlarmQtyTest"/>
  <testcase name="POSTCreateNewAlarmQtyStockBalanceLevelTest" time="1.244" classname="com.volvo.gloria.Procurement.AlarmQtyTest"/>
  <testcase name="DELETEAlarmQtyStockBalanceLevelTest" time="0.445" classname="com.volvo.gloria.Procurement.AlarmQtyTest"/>
  <testcase name="GetUsageReplacedMaterialsTest" time="0.426" classname="com.volvo.gloria.Procurement.GetExceptionTest"/>
  <testcase name="GetUsageReplacedMaterialsTest" time="0.417" classname="com.volvo.gloria.Procurement.GetExceptionTest"/>
  <testcase name="GetUsageReplacedMaterialsTest" time="0.399" classname="com.volvo.gloria.Procurement.GetExceptionTest"/>
  <testcase name="GetUsageReplacedMaterialsTest" time="0.405" classname="com.volvo.gloria.Procurement.GetExceptionTest"/>
  <testcase name="GetUsageReplacedMaterialsTest" time="0.429" classname="com.volvo.gloria.Procurement.GetExceptionTest"/>
  <testcase name="GetUsageReplacedMaterialsTest" time="0.416" classname="com.volvo.gloria.Procurement.GetExceptionTest"/>
  <testcase name="GetUsageReplacedMaterialsTest" time="0.423" classname="com.volvo.gloria.Procurement.GetExceptionTest"/>
  <testcase name="GetUsageReplacedMaterialsTest" time="0.413" classname="com.volvo.gloria.Procurement.GetExceptionTest"/>
  <testcase name="GetUsageReplacedMaterialsTest" time="0.582" classname="com.volvo.gloria.Procurement.GetExceptionTest"/>
  <testcase name="GetUsageReplacedMaterialsTest" time="0.442" classname="com.volvo.gloria.Procurement.GetExceptionTest"/>
  <testcase name="GetBuildSiteProcurelinesTest" time="0.445" classname="com.volvo.gloria.Procurement.GetOnBuildSiteTest"/>
  <testcase name="GetBuildSiteProcurelinesTest" time="0.415" classname="com.volvo.gloria.Procurement.GetOnBuildSiteTest"/>
  <testcase name="GetBuildSiteProcurelinesTest" time="0.414" classname="com.volvo.gloria.Procurement.GetOnBuildSiteTest"/>
  <testcase name="GetBuildSiteProcurelinesTest" time="0.422" classname="com.volvo.gloria.Procurement.GetOnBuildSiteTest"/>
  <testcase name="GetBuildSiteProcurelinesTest" time="0.444" classname="com.volvo.gloria.Procurement.GetOnBuildSiteTest"/>
  <testcase name="GetBuildSiteProcurelinesTest" time="0.406" classname="com.volvo.gloria.Procurement.GetOnBuildSiteTest"/>
  <testcase name="GetBuildSiteProcurelinesTest" time="0.392" classname="com.volvo.gloria.Procurement.GetOnBuildSiteTest"/>
  <testcase name="GetBuildSiteProcurelinesTest" time="0.355" classname="com.volvo.gloria.Procurement.GetOnBuildSiteTest"/>
  <testcase name="GetBuildSiteProcurelinesTest" time="0.364" classname="com.volvo.gloria.Procurement.GetOnBuildSiteTest"/>
  <testcase name="GetBuildSiteProcurelinesTest" time="0.418" classname="com.volvo.gloria.Procurement.GetOnBuildSiteTest"/>
  <testcase name="DeleteMaterialRequest" time="1.354" classname="com.volvo.gloria.CreateMaterialRequest.CreateNewMaterialRequestTest"/>
  <testcase name="@BeforeSuite setUp" time="0.0" classname="com.volvo.gloria.GenericLibrary.BaseClass">
    <ignored/>
  </testcase> <!-- @BeforeSuite setUp -->
  <testcase name="@BeforeSuite setUp" time="0.0" classname="com.volvo.gloria.GenericLibrary.BaseClass">
    <ignored/>
  </testcase> <!-- @BeforeSuite setUp -->
  <testcase name="@BeforeSuite setUp" time="0.0" classname="com.volvo.gloria.GenericLibrary.BaseClass">
    <ignored/>
  </testcase> <!-- @BeforeSuite setUp -->
  <testcase name="@BeforeSuite setUp" time="0.0" classname="com.volvo.gloria.GenericLibrary.BaseClass">
    <ignored/>
  </testcase> <!-- @BeforeSuite setUp -->
  <testcase name="@BeforeSuite setUp" time="0.0" classname="com.volvo.gloria.GenericLibrary.BaseClass">
    <ignored/>
  </testcase> <!-- @BeforeSuite setUp -->
  <testcase name="@BeforeSuite setUp" time="0.0" classname="com.volvo.gloria.GenericLibrary.BaseClass">
    <ignored/>
  </testcase> <!-- @BeforeSuite setUp -->
  <testcase name="@BeforeSuite setUp" time="0.0" classname="com.volvo.gloria.GenericLibrary.BaseClass">
    <ignored/>
  </testcase> <!-- @BeforeSuite setUp -->
  <testcase name="@BeforeSuite setUp" time="0.0" classname="com.volvo.gloria.GenericLibrary.BaseClass">
    <ignored/>
  </testcase> <!-- @BeforeSuite setUp -->
  <testcase name="@BeforeSuite setUp" time="0.0" classname="com.volvo.gloria.GenericLibrary.BaseClass">
    <ignored/>
  </testcase> <!-- @BeforeSuite setUp -->
  <testcase name="@BeforeSuite setUp" time="0.0" classname="com.volvo.gloria.GenericLibrary.BaseClass">
    <ignored/>
  </testcase> <!-- @BeforeSuite setUp -->
  <testcase name="@BeforeSuite setUp" time="0.0" classname="com.volvo.gloria.GenericLibrary.BaseClass">
    <ignored/>
  </testcase> <!-- @BeforeSuite setUp -->
  <testcase name="@BeforeSuite setUp" time="0.0" classname="com.volvo.gloria.GenericLibrary.BaseClass">
    <ignored/>
  </testcase> <!-- @BeforeSuite setUp -->
</testsuite> <!-- Test -->
