<?xml version="1.0" encoding="UTF-8"?>
<!-- Generated by org.testng.reporters.JUnitReportReporter -->
<testsuite skipped="0" hostname="INBLRWIT238540" name="com.volvo.gloria.Procurement.GetProcureDetailsTest" tests="56" failures="1" timestamp="06 Mar 2020 14:07:27 GMT" time="22.435" errors="0">
  <testcase name="GetProcureDetailsSupplierCounterPartsTest" time="0.395" classname="com.volvo.gloria.Procurement.GetProcureDetailsTest"/>
  <testcase name="GetProcureDetailsWBSElementsTest" time="0.412" classname="com.volvo.gloria.Procurement.GetProcureDetailsTest"/>
  <testcase name="GetProcureDetailsSupplierCounterPartsTest" time="0.412" classname="com.volvo.gloria.Procurement.GetProcureDetailsTest"/>
  <testcase name="GetCurrencyTest" time="0.366" classname="com.volvo.gloria.Procurement.GetProcureDetailsTest"/>
  <testcase name="GetProcureDetailsCompanyCodeTest" time="0.387" classname="com.volvo.gloria.Procurement.GetProcureDetailsTest"/>
  <testcase name="GetProcureDetailsCompanyCodeTest" time="0.370" classname="com.volvo.gloria.Procurement.GetProcureDetailsTest"/>
  <testcase name="GetInternalOrderSAPTest" time="0.363" classname="com.volvo.gloria.Procurement.GetProcureDetailsTest"/>
  <testcase name="GetProcureDetailsSupplierCounterPartsTest" time="0.402" classname="com.volvo.gloria.Procurement.GetProcureDetailsTest"/>
  <testcase name="GETProcureLineDetailsTest" time="0.815" classname="com.volvo.gloria.Procurement.GetProcureDetailsTest">
    <failure type="java.lang.AssertionError" message="1 expectation failed.
Expected status code &lt;200&gt; but was &lt;500&gt;.
">
      <![CDATA[java.lang.AssertionError: 1 expectation failed.
Expected status code <200> but was <500>.

at sun.reflect.NativeConstructorAccessorImpl.newInstance0(Native Method)
at sun.reflect.NativeConstructorAccessorImpl.newInstance(NativeConstructorAccessorImpl.java:62)
at sun.reflect.DelegatingConstructorAccessorImpl.newInstance(DelegatingConstructorAccessorImpl.java:45)
at java.lang.reflect.Constructor.newInstance(Constructor.java:423)
at org.codehaus.groovy.reflection.CachedConstructor.invoke(CachedConstructor.java:80)
at org.codehaus.groovy.reflection.CachedConstructor.doConstructorInvoke(CachedConstructor.java:74)
at org.codehaus.groovy.runtime.callsite.ConstructorSite$ConstructorSiteNoUnwrap.callConstructor(ConstructorSite.java:84)
at org.codehaus.groovy.runtime.callsite.AbstractCallSite.callConstructor(AbstractCallSite.java:249)
at io.restassured.internal.ResponseSpecificationImpl$HamcrestAssertionClosure.validate(ResponseSpecificationImpl.groovy:493)
at io.restassured.internal.ResponseSpecificationImpl$HamcrestAssertionClosure$validate$1.call(Unknown Source)
at io.restassured.internal.ResponseSpecificationImpl.validateResponseIfRequired(ResponseSpecificationImpl.groovy:674)
at sun.reflect.GeneratedMethodAccessor64.invoke(Unknown Source)
at sun.reflect.DelegatingMethodAccessorImpl.invoke(DelegatingMethodAccessorImpl.java:43)
at java.lang.reflect.Method.invoke(Method.java:498)
at org.codehaus.groovy.runtime.callsite.PlainObjectMetaMethodSite.doInvoke(PlainObjectMetaMethodSite.java:43)
at org.codehaus.groovy.runtime.callsite.PogoMetaMethodSite$PogoCachedMethodSiteNoUnwrapNoCoerce.invoke(PogoMetaMethodSite.java:190)
at org.codehaus.groovy.runtime.callsite.PogoMetaMethodSite.callCurrent(PogoMetaMethodSite.java:58)
at org.codehaus.groovy.runtime.callsite.AbstractCallSite.callCurrent(AbstractCallSite.java:168)
at io.restassured.internal.ResponseSpecificationImpl.statusCode(ResponseSpecificationImpl.groovy:126)
at io.restassured.specification.ResponseSpecification$statusCode$0.callCurrent(Unknown Source)
at io.restassured.internal.ResponseSpecificationImpl.statusCode(ResponseSpecificationImpl.groovy:134)
at io.restassured.internal.ValidatableResponseOptionsImpl.statusCode(ValidatableResponseOptionsImpl.java:89)
at io.restassured.internal.ValidatableResponseImpl.super$2$statusCode(ValidatableResponseImpl.groovy)
at sun.reflect.GeneratedMethodAccessor144.invoke(Unknown Source)
at sun.reflect.DelegatingMethodAccessorImpl.invoke(DelegatingMethodAccessorImpl.java:43)
at java.lang.reflect.Method.invoke(Method.java:498)
at org.codehaus.groovy.reflection.CachedMethod.invoke(CachedMethod.java:101)
at groovy.lang.MetaMethod.doMethodInvoke(MetaMethod.java:323)
at groovy.lang.MetaClassImpl.invokeMethod(MetaClassImpl.java:1217)
at org.codehaus.groovy.runtime.ScriptBytecodeAdapter.invokeMethodOnSuperN(ScriptBytecodeAdapter.java:144)
at io.restassured.internal.ValidatableResponseImpl.statusCode(ValidatableResponseImpl.groovy:142)
at io.restassured.internal.ValidatableResponseImpl.statusCode(ValidatableResponseImpl.groovy)
at com.volvo.gloria.Procurement.GetProcureDetailsTest.GETProcureLineDetailsTest(GetProcureDetailsTest.java:189)
at sun.reflect.NativeMethodAccessorImpl.invoke0(Native Method)
at sun.reflect.NativeMethodAccessorImpl.invoke(NativeMethodAccessorImpl.java:62)
at sun.reflect.DelegatingMethodAccessorImpl.invoke(DelegatingMethodAccessorImpl.java:43)
at java.lang.reflect.Method.invoke(Method.java:498)
at org.testng.internal.MethodInvocationHelper.invokeMethod(MethodInvocationHelper.java:124)
at org.testng.internal.Invoker.invokeMethod(Invoker.java:583)
at org.testng.internal.Invoker.invokeTestMethod(Invoker.java:719)
at org.testng.internal.Invoker.invokeTestMethods(Invoker.java:989)
at org.testng.internal.TestMethodWorker.invokeTestMethods(TestMethodWorker.java:125)
at org.testng.internal.TestMethodWorker.run(TestMethodWorker.java:109)
at org.testng.TestRunner.privateRun(TestRunner.java:648)
at org.testng.TestRunner.run(TestRunner.java:505)
at org.testng.SuiteRunner.runTest(SuiteRunner.java:455)
at org.testng.SuiteRunner.runSequentially(SuiteRunner.java:450)
at org.testng.SuiteRunner.privateRun(SuiteRunner.java:415)
at org.testng.SuiteRunner.run(SuiteRunner.java:364)
at org.testng.SuiteRunnerWorker.runSuite(SuiteRunnerWorker.java:52)
at org.testng.SuiteRunnerWorker.run(SuiteRunnerWorker.java:84)
at org.testng.TestNG.runSuitesSequentially(TestNG.java:1208)
at org.testng.TestNG.runSuitesLocally(TestNG.java:1137)
at org.testng.TestNG.runSuites(TestNG.java:1049)
at org.testng.TestNG.run(TestNG.java:1017)
at org.testng.remote.AbstractRemoteTestNG.run(AbstractRemoteTestNG.java:114)
at org.testng.remote.RemoteTestNG.initAndRun(RemoteTestNG.java:251)
at org.testng.remote.RemoteTestNG.main(RemoteTestNG.java:77)
]]>
    </failure>
  </testcase> <!-- GETProcureLineDetailsTest -->
  <testcase name="GetProcureDetailsWBSElementsTest" time="0.396" classname="com.volvo.gloria.Procurement.GetProcureDetailsTest"/>
  <testcase name="GetProcureDetailsSupplierCounterPartsTest" time="0.551" classname="com.volvo.gloria.Procurement.GetProcureDetailsTest"/>
  <testcase name="GetProcureDetailsGLAccountsTest" time="0.391" classname="com.volvo.gloria.Procurement.GetProcureDetailsTest"/>
  <testcase name="GetProcureDetailsCompanyCodeTest" time="0.357" classname="com.volvo.gloria.Procurement.GetProcureDetailsTest"/>
  <testcase name="GetProcureDetailsCostCentersTest" time="0.359" classname="com.volvo.gloria.Procurement.GetProcureDetailsTest"/>
  <testcase name="GetProcureDetailsWBSElementsTest" time="0.401" classname="com.volvo.gloria.Procurement.GetProcureDetailsTest"/>
  <testcase name="GetProcureDetailsGLAccountsTest" time="0.461" classname="com.volvo.gloria.Procurement.GetProcureDetailsTest"/>
  <testcase name="GetProcureDetailsCostCentersTest" time="0.354" classname="com.volvo.gloria.Procurement.GetProcureDetailsTest"/>
  <testcase name="GetProcureDetailsCompanyCodeTest" time="0.369" classname="com.volvo.gloria.Procurement.GetProcureDetailsTest"/>
  <testcase name="GetProcureDetailsCostCentersTest" time="0.387" classname="com.volvo.gloria.Procurement.GetProcureDetailsTest"/>
  <testcase name="GetProcureDetailsWBSElementsTest" time="0.396" classname="com.volvo.gloria.Procurement.GetProcureDetailsTest"/>
  <testcase name="GetProcureDetailsSupplierCounterPartsTest" time="0.399" classname="com.volvo.gloria.Procurement.GetProcureDetailsTest"/>
  <testcase name="GetProcureDetailsCostCentersTest" time="0.386" classname="com.volvo.gloria.Procurement.GetProcureDetailsTest"/>
  <testcase name="GetProcureDetailsWBSElementsTest" time="0.418" classname="com.volvo.gloria.Procurement.GetProcureDetailsTest"/>
  <testcase name="GetProcureDetailsSupplierCounterPartsTest" time="0.400" classname="com.volvo.gloria.Procurement.GetProcureDetailsTest"/>
  <testcase name="GetProcureDetailsCostCentersTest" time="0.373" classname="com.volvo.gloria.Procurement.GetProcureDetailsTest"/>
  <testcase name="GetProcureDetailsGLAccountsTest" time="0.392" classname="com.volvo.gloria.Procurement.GetProcureDetailsTest"/>
  <testcase name="GetProcureDetailsSupplierCounterPartsTest" time="0.392" classname="com.volvo.gloria.Procurement.GetProcureDetailsTest"/>
  <testcase name="GetProcureDetailsWBSElementsTest" time="0.396" classname="com.volvo.gloria.Procurement.GetProcureDetailsTest"/>
  <testcase name="GetProcureDetailsSupplierCounterPartsTest" time="0.394" classname="com.volvo.gloria.Procurement.GetProcureDetailsTest"/>
  <testcase name="GetProcureDetailsGLAccountsTest" time="0.408" classname="com.volvo.gloria.Procurement.GetProcureDetailsTest"/>
  <testcase name="GetProcureDetailsGLAccountsTest" time="0.407" classname="com.volvo.gloria.Procurement.GetProcureDetailsTest"/>
  <testcase name="GetProcureDetailsCompanyCodeTest" time="0.357" classname="com.volvo.gloria.Procurement.GetProcureDetailsTest"/>
  <testcase name="GetProcureDetailsGLAccountsTest" time="0.395" classname="com.volvo.gloria.Procurement.GetProcureDetailsTest"/>
  <testcase name="GetProcureDetailsCompanyCodeTest" time="0.366" classname="com.volvo.gloria.Procurement.GetProcureDetailsTest"/>
  <testcase name="GetProcureDetailsCostCentersTest" time="0.357" classname="com.volvo.gloria.Procurement.GetProcureDetailsTest"/>
  <testcase name="GetProcureDetailsGLAccountsTest" time="0.417" classname="com.volvo.gloria.Procurement.GetProcureDetailsTest"/>
  <testcase name="GetProcureDetailsCompanyCodeTest" time="0.356" classname="com.volvo.gloria.Procurement.GetProcureDetailsTest"/>
  <testcase name="GetProcureDetailsWBSElementsTest" time="0.414" classname="com.volvo.gloria.Procurement.GetProcureDetailsTest"/>
  <testcase name="GetProcureDetailsSupplierCounterPartsTest" time="0.402" classname="com.volvo.gloria.Procurement.GetProcureDetailsTest"/>
  <testcase name="GetProcureDetailsGLAccountsTest" time="0.442" classname="com.volvo.gloria.Procurement.GetProcureDetailsTest"/>
  <testcase name="GetProcureDetailsWBSElementsTest" time="0.398" classname="com.volvo.gloria.Procurement.GetProcureDetailsTest"/>
  <testcase name="GetProcureDetailsCompanyCodeTest" time="0.364" classname="com.volvo.gloria.Procurement.GetProcureDetailsTest"/>
  <testcase name="GetProcureDetailsWarehousesTest" time="0.505" classname="com.volvo.gloria.Procurement.GetProcureDetailsTest"/>
  <testcase name="GetProcureDetailsCostCentersTest" time="0.354" classname="com.volvo.gloria.Procurement.GetProcureDetailsTest"/>
  <testcase name="GetProcureDetailsCostCentersTest" time="0.372" classname="com.volvo.gloria.Procurement.GetProcureDetailsTest"/>
  <testcase name="GetProcureDetailsPurchaseOrgTest" time="0.394" classname="com.volvo.gloria.Procurement.GetProcureDetailsTest"/>
  <testcase name="GetProcureDetailsCompanyCodeTest" time="0.365" classname="com.volvo.gloria.Procurement.GetProcureDetailsTest"/>
  <testcase name="GetProcureDetailsCompanyCodeTest" time="0.378" classname="com.volvo.gloria.Procurement.GetProcureDetailsTest"/>
  <testcase name="GetCurrentBuyer" time="0.354" classname="com.volvo.gloria.Procurement.GetProcureDetailsTest"/>
  <testcase name="GetProcureDetailsCostCentersTest" time="0.365" classname="com.volvo.gloria.Procurement.GetProcureDetailsTest"/>
  <testcase name="GetProcureDetailsSupplierCounterPartsTest" time="0.398" classname="com.volvo.gloria.Procurement.GetProcureDetailsTest"/>
  <testcase name="GetProcureDetailsWBSElementsTest" time="0.413" classname="com.volvo.gloria.Procurement.GetProcureDetailsTest"/>
  <testcase name="GetProcureDetailsWBSElementsTest" time="0.401" classname="com.volvo.gloria.Procurement.GetProcureDetailsTest"/>
  <testcase name="GetProcureDetailsGLAccountsTest" time="0.401" classname="com.volvo.gloria.Procurement.GetProcureDetailsTest"/>
  <testcase name="GetProcureDetailsGLAccountsTest" time="0.400" classname="com.volvo.gloria.Procurement.GetProcureDetailsTest"/>
  <testcase name="GetProcureDetailsCostCentersTest" time="0.358" classname="com.volvo.gloria.Procurement.GetProcureDetailsTest"/>
</testsuite> <!-- com.volvo.gloria.Procurement.GetProcureDetailsTest -->
